{"/home/mark/projects/fec/client/src/components/Common/Loading.jsx": {"path":"/home/mark/projects/fec/client/src/components/Common/Loading.jsx","statementMap":{"0":{"start":{"line":3,"column":16},"end":{"line":25,"column":1}},"1":{"start":{"line":4,"column":2},"end":{"line":24,"column":3}}},"fnMap":{"0":{"name":"(anonymous_0)","decl":{"start":{"line":3,"column":16},"end":{"line":3,"column":17}},"loc":{"start":{"line":3,"column":28},"end":{"line":25,"column":1}},"line":3}},"branchMap":{},"s":{"0":1,"1":0},"f":{"0":0},"b":{},"_coverageSchema":"1a1c01bbd47fc00a2c39e90264f33305004495a9","hash":"c9cc41dc1675973e4fa4e72cbae1bfd78ba728f4"}
,"/home/mark/projects/fec/client/src/components/Common/LoadingBars.jsx": {"path":"/home/mark/projects/fec/client/src/components/Common/LoadingBars.jsx","statementMap":{"0":{"start":{"line":3,"column":16},"end":{"line":17,"column":1}},"1":{"start":{"line":4,"column":2},"end":{"line":16,"column":3}}},"fnMap":{"0":{"name":"(anonymous_0)","decl":{"start":{"line":3,"column":16},"end":{"line":3,"column":17}},"loc":{"start":{"line":3,"column":28},"end":{"line":17,"column":1}},"line":3}},"branchMap":{},"s":{"0":1,"1":0},"f":{"0":0},"b":{},"_coverageSchema":"1a1c01bbd47fc00a2c39e90264f33305004495a9","hash":"b19fc56178dccc8dd6f1d01b723f7b0ced6a3987"}
,"/home/mark/projects/fec/client/src/components/Common/LoadingBlocks.jsx": {"path":"/home/mark/projects/fec/client/src/components/Common/LoadingBlocks.jsx","statementMap":{"0":{"start":{"line":3,"column":22},"end":{"line":20,"column":1}},"1":{"start":{"line":4,"column":2},"end":{"line":19,"column":3}}},"fnMap":{"0":{"name":"(anonymous_0)","decl":{"start":{"line":3,"column":22},"end":{"line":3,"column":23}},"loc":{"start":{"line":3,"column":34},"end":{"line":20,"column":1}},"line":3}},"branchMap":{},"s":{"0":1,"1":0},"f":{"0":0},"b":{},"_coverageSchema":"1a1c01bbd47fc00a2c39e90264f33305004495a9","hash":"3ff88a512bd89c56f3a70f6dc7306d6d92c5088d"}
,"/home/mark/projects/fec/client/src/components/Prodlists/Card.jsx": {"path":"/home/mark/projects/fec/client/src/components/Prodlists/Card.jsx","statementMap":{"0":{"start":{"line":9,"column":13},"end":{"line":165,"column":1}},"1":{"start":{"line":20,"column":32},"end":{"line":20,"column":44}},"2":{"start":{"line":21,"column":32},"end":{"line":21,"column":44}},"3":{"start":{"line":22,"column":42},"end":{"line":25,"column":3}},"4":{"start":{"line":26,"column":30},"end":{"line":26,"column":41}},"5":{"start":{"line":27,"column":40},"end":{"line":27,"column":51}},"6":{"start":{"line":28,"column":16},"end":{"line":28,"column":19}},"7":{"start":{"line":29,"column":17},"end":{"line":29,"column":20}},"8":{"start":{"line":31,"column":2},"end":{"line":73,"column":3}},"9":{"start":{"line":33,"column":6},"end":{"line":54,"column":8}},"10":{"start":{"line":41,"column":8},"end":{"line":41,"column":36}},"11":{"start":{"line":42,"column":8},"end":{"line":42,"column":71}},"12":{"start":{"line":44,"column":26},"end":{"line":47,"column":14}},"13":{"start":{"line":46,"column":12},"end":{"line":46,"column":62}},"14":{"start":{"line":48,"column":28},"end":{"line":51,"column":15}},"15":{"start":{"line":50,"column":12},"end":{"line":50,"column":42}},"16":{"start":{"line":52,"column":8},"end":{"line":52,"column":35}},"17":{"start":{"line":53,"column":8},"end":{"line":53,"column":40}},"18":{"start":{"line":56,"column":30},"end":{"line":58,"column":7}},"19":{"start":{"line":57,"column":8},"end":{"line":57,"column":30}},"20":{"start":{"line":60,"column":29},"end":{"line":62,"column":7}},"21":{"start":{"line":61,"column":8},"end":{"line":61,"column":29}},"22":{"start":{"line":64,"column":6},"end":{"line":64,"column":73}},"23":{"start":{"line":65,"column":6},"end":{"line":65,"column":71}},"24":{"start":{"line":67,"column":6},"end":{"line":70,"column":7}},"25":{"start":{"line":68,"column":8},"end":{"line":68,"column":78}},"26":{"start":{"line":69,"column":8},"end":{"line":69,"column":76}},"27":{"start":{"line":76,"column":2},"end":{"line":164,"column":3}},"28":{"start":{"line":102,"column":18},"end":{"line":102,"column":49}},"29":{"start":{"line":103,"column":18},"end":{"line":103,"column":32}},"30":{"start":{"line":123,"column":18},"end":{"line":126,"column":20}},"31":{"start":{"line":127,"column":18},"end":{"line":127,"column":48}},"32":{"start":{"line":128,"column":18},"end":{"line":128,"column":39}}},"fnMap":{"0":{"name":"(anonymous_0)","decl":{"start":{"line":9,"column":13},"end":{"line":9,"column":14}},"loc":{"start":{"line":18,"column":6},"end":{"line":165,"column":1}},"line":18},"1":{"name":"(anonymous_1)","decl":{"start":{"line":32,"column":4},"end":{"line":32,"column":5}},"loc":{"start":{"line":32,"column":10},"end":{"line":71,"column":5}},"line":32},"2":{"name":"(anonymous_2)","decl":{"start":{"line":40,"column":12},"end":{"line":40,"column":13}},"loc":{"start":{"line":40,"column":25},"end":{"line":54,"column":7}},"line":40},"3":{"name":"(anonymous_3)","decl":{"start":{"line":45,"column":18},"end":{"line":45,"column":19}},"loc":{"start":{"line":45,"column":32},"end":{"line":47,"column":11}},"line":45},"4":{"name":"(anonymous_4)","decl":{"start":{"line":49,"column":18},"end":{"line":49,"column":19}},"loc":{"start":{"line":49,"column":32},"end":{"line":51,"column":11}},"line":49},"5":{"name":"(anonymous_5)","decl":{"start":{"line":56,"column":30},"end":{"line":56,"column":31}},"loc":{"start":{"line":56,"column":36},"end":{"line":58,"column":7}},"line":56},"6":{"name":"(anonymous_6)","decl":{"start":{"line":60,"column":29},"end":{"line":60,"column":30}},"loc":{"start":{"line":60,"column":35},"end":{"line":62,"column":7}},"line":60},"7":{"name":"(anonymous_7)","decl":{"start":{"line":67,"column":13},"end":{"line":67,"column":14}},"loc":{"start":{"line":67,"column":19},"end":{"line":70,"column":7}},"line":67},"8":{"name":"(anonymous_8)","decl":{"start":{"line":101,"column":16},"end":{"line":101,"column":17}},"loc":{"start":{"line":101,"column":20},"end":{"line":104,"column":17}},"line":101},"9":{"name":"(anonymous_9)","decl":{"start":{"line":122,"column":16},"end":{"line":122,"column":17}},"loc":{"start":{"line":122,"column":23},"end":{"line":129,"column":17}},"line":122}},"branchMap":{"0":{"loc":{"start":{"line":23,"column":4},"end":{"line":24,"column":78}},"type":"binary-expr","locations":[{"start":{"line":23,"column":5},"end":{"line":23,"column":28}},{"start":{"line":24,"column":5},"end":{"line":24,"column":77}}],"line":23},"1":{"loc":{"start":{"line":80,"column":10},"end":{"line":109,"column":31}},"type":"cond-expr","locations":[{"start":{"line":81,"column":10},"end":{"line":107,"column":13}},{"start":{"line":109,"column":10},"end":{"line":109,"column":31}}],"line":80},"2":{"loc":{"start":{"line":89,"column":16},"end":{"line":92,"column":55}},"type":"cond-expr","locations":[{"start":{"line":90,"column":18},"end":{"line":90,"column":54}},{"start":{"line":92,"column":18},"end":{"line":92,"column":55}}],"line":89},"3":{"loc":{"start":{"line":95,"column":16},"end":{"line":98,"column":24}},"type":"cond-expr","locations":[{"start":{"line":96,"column":18},"end":{"line":96,"column":23}},{"start":{"line":98,"column":18},"end":{"line":98,"column":24}}],"line":95},"4":{"loc":{"start":{"line":116,"column":10},"end":{"line":159,"column":36}},"type":"cond-expr","locations":[{"start":{"line":117,"column":10},"end":{"line":157,"column":13}},{"start":{"line":159,"column":10},"end":{"line":159,"column":36}}],"line":116}},"s":{"0":1,"1":0,"2":0,"3":0,"4":0,"5":0,"6":0,"7":0,"8":0,"9":0,"10":0,"11":0,"12":0,"13":0,"14":0,"15":0,"16":0,"17":0,"18":0,"19":0,"20":0,"21":0,"22":0,"23":0,"24":0,"25":0,"26":0,"27":0,"28":0,"29":0,"30":0,"31":0,"32":0},"f":{"0":0,"1":0,"2":0,"3":0,"4":0,"5":0,"6":0,"7":0,"8":0,"9":0},"b":{"0":[0,0],"1":[0,0],"2":[0,0],"3":[0,0],"4":[0,0]},"_coverageSchema":"1a1c01bbd47fc00a2c39e90264f33305004495a9","hash":"0338f3d47cd9b41ae051719a726ca3c14e488bc0"}
,"/home/mark/projects/fec/client/src/components/Prodlists/ComparisonModal.jsx": {"path":"/home/mark/projects/fec/client/src/components/Prodlists/ComparisonModal.jsx","statementMap":{"0":{"start":{"line":7,"column":24},"end":{"line":118,"column":1}},"1":{"start":{"line":14,"column":46},"end":{"line":14,"column":58}},"2":{"start":{"line":15,"column":52},"end":{"line":15,"column":64}},"3":{"start":{"line":16,"column":54},"end":{"line":16,"column":66}},"4":{"start":{"line":19,"column":2},"end":{"line":53,"column":3}},"5":{"start":{"line":21,"column":6},"end":{"line":50,"column":10}},"6":{"start":{"line":28,"column":10},"end":{"line":28,"column":44}},"7":{"start":{"line":29,"column":10},"end":{"line":29,"column":47}},"8":{"start":{"line":30,"column":30},"end":{"line":30,"column":32}},"9":{"start":{"line":32,"column":10},"end":{"line":37,"column":12}},"10":{"start":{"line":33,"column":12},"end":{"line":36,"column":13}},"11":{"start":{"line":39,"column":10},"end":{"line":48,"column":12}},"12":{"start":{"line":40,"column":12},"end":{"line":47,"column":13}},"13":{"start":{"line":41,"column":14},"end":{"line":41,"column":90}},"14":{"start":{"line":43,"column":14},"end":{"line":46,"column":15}},"15":{"start":{"line":49,"column":10},"end":{"line":49,"column":46}},"16":{"start":{"line":55,"column":2},"end":{"line":117,"column":3}},"17":{"start":{"line":61,"column":10},"end":{"line":61,"column":31}},"18":{"start":{"line":75,"column":16},"end":{"line":75,"column":37}},"19":{"start":{"line":98,"column":24},"end":{"line":104,"column":25}}},"fnMap":{"0":{"name":"(anonymous_0)","decl":{"start":{"line":7,"column":24},"end":{"line":7,"column":25}},"loc":{"start":{"line":12,"column":6},"end":{"line":118,"column":1}},"line":12},"1":{"name":"(anonymous_1)","decl":{"start":{"line":20,"column":4},"end":{"line":20,"column":5}},"loc":{"start":{"line":20,"column":10},"end":{"line":51,"column":5}},"line":20},"2":{"name":"(anonymous_2)","decl":{"start":{"line":27,"column":14},"end":{"line":27,"column":15}},"loc":{"start":{"line":27,"column":27},"end":{"line":50,"column":9}},"line":27},"3":{"name":"(anonymous_3)","decl":{"start":{"line":32,"column":43},"end":{"line":32,"column":44}},"loc":{"start":{"line":32,"column":63},"end":{"line":37,"column":11}},"line":32},"4":{"name":"(anonymous_4)","decl":{"start":{"line":39,"column":43},"end":{"line":39,"column":44}},"loc":{"start":{"line":39,"column":63},"end":{"line":48,"column":11}},"line":39},"5":{"name":"(anonymous_5)","decl":{"start":{"line":60,"column":8},"end":{"line":60,"column":9}},"loc":{"start":{"line":60,"column":12},"end":{"line":62,"column":9}},"line":60},"6":{"name":"(anonymous_6)","decl":{"start":{"line":74,"column":14},"end":{"line":74,"column":15}},"loc":{"start":{"line":74,"column":18},"end":{"line":76,"column":15}},"line":74},"7":{"name":"(anonymous_7)","decl":{"start":{"line":97,"column":58},"end":{"line":97,"column":59}},"loc":{"start":{"line":97,"column":71},"end":{"line":105,"column":23}},"line":97}},"branchMap":{"0":{"loc":{"start":{"line":40,"column":12},"end":{"line":47,"column":13}},"type":"if","locations":[{"start":{"line":40,"column":12},"end":{"line":47,"column":13}},{"start":{"line":42,"column":17},"end":{"line":47,"column":13}}],"line":40},"1":{"loc":{"start":{"line":85,"column":14},"end":{"line":111,"column":41}},"type":"cond-expr","locations":[{"start":{"line":86,"column":14},"end":{"line":109,"column":17}},{"start":{"line":111,"column":14},"end":{"line":111,"column":41}}],"line":85}},"s":{"0":1,"1":0,"2":0,"3":0,"4":0,"5":0,"6":0,"7":0,"8":0,"9":0,"10":0,"11":0,"12":0,"13":0,"14":0,"15":0,"16":0,"17":0,"18":0,"19":0},"f":{"0":0,"1":0,"2":0,"3":0,"4":0,"5":0,"6":0,"7":0},"b":{"0":[0,0],"1":[0,0]},"_coverageSchema":"1a1c01bbd47fc00a2c39e90264f33305004495a9","hash":"f8ad30e45754ed4d3378ff915287767964307635"}
,"/home/mark/projects/fec/client/src/components/Prodlists/RelatedList.jsx": {"path":"/home/mark/projects/fec/client/src/components/Prodlists/RelatedList.jsx","statementMap":{"0":{"start":{"line":15,"column":20},"end":{"line":134,"column":1}},"1":{"start":{"line":17,"column":39},"end":{"line":20,"column":4}},"2":{"start":{"line":21,"column":26},"end":{"line":21,"column":37}},"3":{"start":{"line":22,"column":40},"end":{"line":22,"column":55}},"4":{"start":{"line":23,"column":44},"end":{"line":23,"column":65}},"5":{"start":{"line":24,"column":50},"end":{"line":24,"column":64}},"6":{"start":{"line":25,"column":44},"end":{"line":25,"column":70}},"7":{"start":{"line":26,"column":2},"end":{"line":40,"column":3}},"8":{"start":{"line":28,"column":6},"end":{"line":37,"column":7}},"9":{"start":{"line":29,"column":8},"end":{"line":36,"column":10}},"10":{"start":{"line":32,"column":10},"end":{"line":35,"column":13}},"11":{"start":{"line":42,"column":21},"end":{"line":51,"column":3}},"12":{"start":{"line":43,"column":4},"end":{"line":45,"column":5}},"13":{"start":{"line":44,"column":6},"end":{"line":44,"column":16}},"14":{"start":{"line":46,"column":4},"end":{"line":46,"column":20}},"15":{"start":{"line":47,"column":4},"end":{"line":50,"column":6}},"16":{"start":{"line":54,"column":2},"end":{"line":133,"column":3}},"17":{"start":{"line":77,"column":16},"end":{"line":77,"column":50}},"18":{"start":{"line":78,"column":16},"end":{"line":78,"column":36}},"19":{"start":{"line":88,"column":16},"end":{"line":114,"column":17}},"20":{"start":{"line":96,"column":38},"end":{"line":96,"column":86}},"21":{"start":{"line":97,"column":36},"end":{"line":97,"column":69}},"22":{"start":{"line":98,"column":24},"end":{"line":102,"column":25}},"23":{"start":{"line":99,"column":26},"end":{"line":99,"column":50}},"24":{"start":{"line":101,"column":26},"end":{"line":101,"column":59}},"25":{"start":{"line":104,"column":24},"end":{"line":104,"column":91}},"26":{"start":{"line":105,"column":24},"end":{"line":105,"column":66}},"27":{"start":{"line":122,"column":16},"end":{"line":122,"column":51}},"28":{"start":{"line":123,"column":16},"end":{"line":123,"column":36}}},"fnMap":{"0":{"name":"(anonymous_0)","decl":{"start":{"line":15,"column":20},"end":{"line":15,"column":21}},"loc":{"start":{"line":15,"column":35},"end":{"line":134,"column":1}},"line":15},"1":{"name":"(anonymous_1)","decl":{"start":{"line":27,"column":4},"end":{"line":27,"column":5}},"loc":{"start":{"line":27,"column":10},"end":{"line":38,"column":5}},"line":27},"2":{"name":"(anonymous_2)","decl":{"start":{"line":30,"column":14},"end":{"line":30,"column":15}},"loc":{"start":{"line":30,"column":26},"end":{"line":36,"column":9}},"line":30},"3":{"name":"(anonymous_3)","decl":{"start":{"line":42,"column":21},"end":{"line":42,"column":22}},"loc":{"start":{"line":42,"column":33},"end":{"line":51,"column":3}},"line":42},"4":{"name":"(anonymous_4)","decl":{"start":{"line":76,"column":14},"end":{"line":76,"column":15}},"loc":{"start":{"line":76,"column":18},"end":{"line":79,"column":15}},"line":76},"5":{"name":"(anonymous_5)","decl":{"start":{"line":87,"column":34},"end":{"line":87,"column":35}},"loc":{"start":{"line":87,"column":56},"end":{"line":115,"column":15}},"line":87},"6":{"name":"(anonymous_6)","decl":{"start":{"line":95,"column":22},"end":{"line":95,"column":23}},"loc":{"start":{"line":95,"column":28},"end":{"line":107,"column":23}},"line":95},"7":{"name":"(anonymous_7)","decl":{"start":{"line":121,"column":14},"end":{"line":121,"column":15}},"loc":{"start":{"line":121,"column":18},"end":{"line":124,"column":15}},"line":121}},"branchMap":{"0":{"loc":{"start":{"line":28,"column":6},"end":{"line":37,"column":7}},"type":"if","locations":[{"start":{"line":28,"column":6},"end":{"line":37,"column":7}},{"start":{},"end":{}}],"line":28},"1":{"loc":{"start":{"line":43,"column":4},"end":{"line":45,"column":5}},"type":"if","locations":[{"start":{"line":43,"column":4},"end":{"line":45,"column":5}},{"start":{},"end":{}}],"line":43},"2":{"loc":{"start":{"line":60,"column":10},"end":{"line":68,"column":16}},"type":"cond-expr","locations":[{"start":{"line":61,"column":12},"end":{"line":66,"column":14}},{"start":{"line":68,"column":12},"end":{"line":68,"column":16}}],"line":60},"3":{"loc":{"start":{"line":98,"column":24},"end":{"line":102,"column":25}},"type":"if","locations":[{"start":{"line":98,"column":24},"end":{"line":102,"column":25}},{"start":{"line":100,"column":29},"end":{"line":102,"column":25}}],"line":98}},"s":{"0":1,"1":1,"2":1,"3":1,"4":1,"5":1,"6":1,"7":1,"8":0,"9":0,"10":0,"11":1,"12":0,"13":0,"14":0,"15":0,"16":1,"17":0,"18":0,"19":0,"20":0,"21":0,"22":0,"23":0,"24":0,"25":0,"26":0,"27":0,"28":0},"f":{"0":1,"1":0,"2":0,"3":0,"4":0,"5":0,"6":0,"7":0},"b":{"0":[0,0],"1":[0,0],"2":[0,1],"3":[0,0]},"_coverageSchema":"1a1c01bbd47fc00a2c39e90264f33305004495a9","hash":"ef743344c73e90a826a2f44f6f9ec03f02f6eb64"}
,"/home/mark/projects/fec/client/src/components/Stars/Star.jsx": {"path":"/home/mark/projects/fec/client/src/components/Stars/Star.jsx","statementMap":{"0":{"start":{"line":3,"column":13},"end":{"line":19,"column":1}},"1":{"start":{"line":5,"column":20},"end":{"line":8,"column":3}},"2":{"start":{"line":6,"column":4},"end":{"line":6,"column":23}},"3":{"start":{"line":7,"column":4},"end":{"line":7,"column":35}},"4":{"start":{"line":10,"column":2},"end":{"line":18,"column":3}}},"fnMap":{"0":{"name":"(anonymous_0)","decl":{"start":{"line":3,"column":13},"end":{"line":3,"column":14}},"loc":{"start":{"line":3,"column":62},"end":{"line":19,"column":1}},"line":3},"1":{"name":"(anonymous_1)","decl":{"start":{"line":5,"column":20},"end":{"line":5,"column":21}},"loc":{"start":{"line":5,"column":27},"end":{"line":8,"column":3}},"line":5}},"branchMap":{},"s":{"0":1,"1":0,"2":0,"3":0,"4":0},"f":{"0":0,"1":0},"b":{},"_coverageSchema":"1a1c01bbd47fc00a2c39e90264f33305004495a9","hash":"a44dbc26a9fb85219670084f4dc78c63931101aa"}
,"/home/mark/projects/fec/client/src/components/Stars/Stars.jsx": {"path":"/home/mark/projects/fec/client/src/components/Stars/Stars.jsx","statementMap":{"0":{"start":{"line":4,"column":14},"end":{"line":45,"column":1}},"1":{"start":{"line":6,"column":16},"end":{"line":6,"column":18}},"2":{"start":{"line":7,"column":18},"end":{"line":7,"column":30}},"3":{"start":{"line":9,"column":2},"end":{"line":15,"column":3}},"4":{"start":{"line":10,"column":4},"end":{"line":14,"column":5}},"5":{"start":{"line":11,"column":6},"end":{"line":11,"column":47}},"6":{"start":{"line":13,"column":6},"end":{"line":13,"column":52}},"7":{"start":{"line":17,"column":2},"end":{"line":25,"column":3}},"8":{"start":{"line":17,"column":15},"end":{"line":17,"column":16}},"9":{"start":{"line":18,"column":4},"end":{"line":24,"column":5}},"10":{"start":{"line":19,"column":6},"end":{"line":19,"column":26}},"11":{"start":{"line":20,"column":6},"end":{"line":20,"column":23}},"12":{"start":{"line":22,"column":6},"end":{"line":22,"column":35}},"13":{"start":{"line":23,"column":6},"end":{"line":23,"column":20}},"14":{"start":{"line":27,"column":21},"end":{"line":29,"column":3}},"15":{"start":{"line":28,"column":4},"end":{"line":28,"column":60}},"16":{"start":{"line":31,"column":2},"end":{"line":44,"column":4}},"17":{"start":{"line":34,"column":8},"end":{"line":41,"column":10}}},"fnMap":{"0":{"name":"(anonymous_0)","decl":{"start":{"line":4,"column":14},"end":{"line":4,"column":15}},"loc":{"start":{"line":4,"column":73},"end":{"line":45,"column":1}},"line":4},"1":{"name":"(anonymous_1)","decl":{"start":{"line":27,"column":21},"end":{"line":27,"column":22}},"loc":{"start":{"line":27,"column":32},"end":{"line":29,"column":3}},"line":27},"2":{"name":"(anonymous_2)","decl":{"start":{"line":33,"column":19},"end":{"line":33,"column":20}},"loc":{"start":{"line":34,"column":8},"end":{"line":41,"column":10}},"line":34}},"branchMap":{"0":{"loc":{"start":{"line":9,"column":2},"end":{"line":15,"column":3}},"type":"if","locations":[{"start":{"line":9,"column":2},"end":{"line":15,"column":3}},{"start":{},"end":{}}],"line":9},"1":{"loc":{"start":{"line":10,"column":4},"end":{"line":14,"column":5}},"type":"if","locations":[{"start":{"line":10,"column":4},"end":{"line":14,"column":5}},{"start":{"line":12,"column":11},"end":{"line":14,"column":5}}],"line":10},"2":{"loc":{"start":{"line":18,"column":4},"end":{"line":24,"column":5}},"type":"if","locations":[{"start":{"line":18,"column":4},"end":{"line":24,"column":5}},{"start":{"line":21,"column":11},"end":{"line":24,"column":5}}],"line":18},"3":{"loc":{"start":{"line":28,"column":4},"end":{"line":28,"column":59}},"type":"cond-expr","locations":[{"start":{"line":28,"column":19},"end":{"line":28,"column":52}},{"start":{"line":28,"column":55},"end":{"line":28,"column":59}}],"line":28}},"s":{"0":1,"1":0,"2":0,"3":0,"4":0,"5":0,"6":0,"7":0,"8":0,"9":0,"10":0,"11":0,"12":0,"13":0,"14":0,"15":0,"16":0,"17":0},"f":{"0":0,"1":0,"2":0},"b":{"0":[0,0],"1":[0,0],"2":[0,0],"3":[0,0]},"_coverageSchema":"1a1c01bbd47fc00a2c39e90264f33305004495a9","hash":"ba3a60ad85f1e87b95baff6d60d1bf997f9ed52c"}
}
