{"/Users/terrencekoo/fec/client/src/components/App.jsx": {"path":"/Users/terrencekoo/fec/client/src/components/App.jsx","statementMap":{"0":{"start":{"line":16,"column":12},"end":{"line":59,"column":1}},"1":{"start":{"line":17,"column":32},"end":{"line":17,"column":44}},"2":{"start":{"line":18,"column":34},"end":{"line":18,"column":46}},"3":{"start":{"line":20,"column":2},"end":{"line":30,"column":4}},"4":{"start":{"line":22,"column":6},"end":{"line":27,"column":39}},"5":{"start":{"line":24,"column":10},"end":{"line":24,"column":31}},"6":{"start":{"line":25,"column":10},"end":{"line":25,"column":34}},"7":{"start":{"line":27,"column":22},"end":{"line":27,"column":38}},"8":{"start":{"line":33,"column":2},"end":{"line":58,"column":3}}},"fnMap":{"0":{"name":"(anonymous_0)","decl":{"start":{"line":16,"column":12},"end":{"line":16,"column":13}},"loc":{"start":{"line":16,"column":17},"end":{"line":59,"column":1}},"line":16},"1":{"name":"(anonymous_1)","decl":{"start":{"line":21,"column":4},"end":{"line":21,"column":5}},"loc":{"start":{"line":21,"column":10},"end":{"line":28,"column":5}},"line":21},"2":{"name":"(anonymous_2)","decl":{"start":{"line":23,"column":14},"end":{"line":23,"column":15}},"loc":{"start":{"line":23,"column":21},"end":{"line":26,"column":9}},"line":23},"3":{"name":"(anonymous_3)","decl":{"start":{"line":27,"column":15},"end":{"line":27,"column":16}},"loc":{"start":{"line":27,"column":22},"end":{"line":27,"column":38}},"line":27}},"branchMap":{"0":{"loc":{"start":{"line":36,"column":7},"end":{"line":36,"column":81}},"type":"cond-expr","locations":[{"start":{"line":36,"column":41},"end":{"line":36,"column":74}},{"start":{"line":36,"column":77},"end":{"line":36,"column":81}}],"line":36}},"s":{"0":1,"1":0,"2":0,"3":0,"4":0,"5":0,"6":0,"7":0,"8":0},"f":{"0":0,"1":0,"2":0,"3":0},"b":{"0":[0,0]},"_coverageSchema":"1a1c01bbd47fc00a2c39e90264f33305004495a9","hash":"395859a7d32be84a55b5bd6a5e217ac1dc7c84f3"}
,"/Users/terrencekoo/fec/client/src/components/Common/Loading.jsx": {"path":"/Users/terrencekoo/fec/client/src/components/Common/Loading.jsx","statementMap":{"0":{"start":{"line":3,"column":16},"end":{"line":25,"column":1}},"1":{"start":{"line":4,"column":2},"end":{"line":24,"column":3}}},"fnMap":{"0":{"name":"(anonymous_0)","decl":{"start":{"line":3,"column":16},"end":{"line":3,"column":17}},"loc":{"start":{"line":3,"column":28},"end":{"line":25,"column":1}},"line":3}},"branchMap":{},"s":{"0":1,"1":0},"f":{"0":0},"b":{},"_coverageSchema":"1a1c01bbd47fc00a2c39e90264f33305004495a9","hash":"b2eca7fde596aedd08d7bdee1544b7294f1c4cb0"}
,"/Users/terrencekoo/fec/client/src/components/Common/LoadingBars.jsx": {"path":"/Users/terrencekoo/fec/client/src/components/Common/LoadingBars.jsx","statementMap":{"0":{"start":{"line":3,"column":16},"end":{"line":17,"column":1}},"1":{"start":{"line":4,"column":2},"end":{"line":16,"column":3}}},"fnMap":{"0":{"name":"(anonymous_0)","decl":{"start":{"line":3,"column":16},"end":{"line":3,"column":17}},"loc":{"start":{"line":3,"column":28},"end":{"line":17,"column":1}},"line":3}},"branchMap":{},"s":{"0":1,"1":0},"f":{"0":0},"b":{},"_coverageSchema":"1a1c01bbd47fc00a2c39e90264f33305004495a9","hash":"6c9bfb791be7b240b99fb4beab720f8d095629ef"}
,"/Users/terrencekoo/fec/client/src/components/Common/LoadingBlocks.jsx": {"path":"/Users/terrencekoo/fec/client/src/components/Common/LoadingBlocks.jsx","statementMap":{"0":{"start":{"line":3,"column":22},"end":{"line":20,"column":1}},"1":{"start":{"line":4,"column":2},"end":{"line":19,"column":3}}},"fnMap":{"0":{"name":"(anonymous_0)","decl":{"start":{"line":3,"column":22},"end":{"line":3,"column":23}},"loc":{"start":{"line":3,"column":34},"end":{"line":20,"column":1}},"line":3}},"branchMap":{},"s":{"0":1,"1":0},"f":{"0":0},"b":{},"_coverageSchema":"1a1c01bbd47fc00a2c39e90264f33305004495a9","hash":"5a0b2a5b7ac9b59bab8d250e6d1a5e9e7c46933e"}
,"/Users/terrencekoo/fec/client/src/components/Overview/AddDescription.jsx": {"path":"/Users/terrencekoo/fec/client/src/components/Overview/AddDescription.jsx","statementMap":{"0":{"start":{"line":2,"column":23},"end":{"line":28,"column":1}},"1":{"start":{"line":3,"column":38},"end":{"line":3,"column":53}},"2":{"start":{"line":4,"column":26},"end":{"line":6,"column":5}},"3":{"start":{"line":5,"column":8},"end":{"line":5,"column":33}},"4":{"start":{"line":8,"column":4},"end":{"line":27,"column":5}},"5":{"start":{"line":17,"column":24},"end":{"line":22,"column":25}}},"fnMap":{"0":{"name":"(anonymous_0)","decl":{"start":{"line":2,"column":23},"end":{"line":2,"column":24}},"loc":{"start":{"line":2,"column":59},"end":{"line":28,"column":1}},"line":2},"1":{"name":"(anonymous_1)","decl":{"start":{"line":4,"column":26},"end":{"line":4,"column":27}},"loc":{"start":{"line":4,"column":33},"end":{"line":6,"column":5}},"line":4},"2":{"name":"(anonymous_2)","decl":{"start":{"line":16,"column":34},"end":{"line":16,"column":35}},"loc":{"start":{"line":16,"column":53},"end":{"line":23,"column":21}},"line":16}},"branchMap":{"0":{"loc":{"start":{"line":11,"column":72},"end":{"line":11,"column":93}},"type":"cond-expr","locations":[{"start":{"line":11,"column":84},"end":{"line":11,"column":87}},{"start":{"line":11,"column":90},"end":{"line":11,"column":93}}],"line":11},"1":{"loc":{"start":{"line":12,"column":13},"end":{"line":25,"column":18}},"type":"binary-expr","locations":[{"start":{"line":12,"column":13},"end":{"line":12,"column":22}},{"start":{"line":12,"column":26},"end":{"line":25,"column":18}}],"line":12}},"s":{"0":1,"1":0,"2":0,"3":0,"4":0,"5":0},"f":{"0":0,"1":0,"2":0},"b":{"0":[0,0],"1":[0,0]},"_coverageSchema":"1a1c01bbd47fc00a2c39e90264f33305004495a9","hash":"28453eeeb37316c5e20dd911913e56e65e93b162"}
,"/Users/terrencekoo/fec/client/src/components/Overview/Checkout.jsx": {"path":"/Users/terrencekoo/fec/client/src/components/Overview/Checkout.jsx","statementMap":{"0":{"start":{"line":2,"column":17},"end":{"line":10,"column":1}},"1":{"start":{"line":3,"column":4},"end":{"line":9,"column":5}}},"fnMap":{"0":{"name":"(anonymous_0)","decl":{"start":{"line":2,"column":17},"end":{"line":2,"column":18}},"loc":{"start":{"line":2,"column":71},"end":{"line":10,"column":1}},"line":2}},"branchMap":{"0":{"loc":{"start":{"line":5,"column":13},"end":{"line":7,"column":104}},"type":"cond-expr","locations":[{"start":{"line":6,"column":14},"end":{"line":6,"column":106}},{"start":{"line":7,"column":14},"end":{"line":7,"column":104}}],"line":5}},"s":{"0":1,"1":0},"f":{"0":0},"b":{"0":[0,0]},"_coverageSchema":"1a1c01bbd47fc00a2c39e90264f33305004495a9","hash":"c8f58857a1b5a39e6a4b268f5bda5736382ad764"}
,"/Users/terrencekoo/fec/client/src/components/Overview/Description.jsx": {"path":"/Users/terrencekoo/fec/client/src/components/Overview/Description.jsx","statementMap":{"0":{"start":{"line":15,"column":20},"end":{"line":178,"column":1}},"1":{"start":{"line":17,"column":46},"end":{"line":17,"column":58}},"2":{"start":{"line":18,"column":42},"end":{"line":18,"column":54}},"3":{"start":{"line":19,"column":44},"end":{"line":19,"column":56}},"4":{"start":{"line":20,"column":40},"end":{"line":20,"column":52}},"5":{"start":{"line":21,"column":40},"end":{"line":21,"column":52}},"6":{"start":{"line":22,"column":50},"end":{"line":22,"column":62}},"7":{"start":{"line":23,"column":40},"end":{"line":23,"column":52}},"8":{"start":{"line":24,"column":42},"end":{"line":24,"column":54}},"9":{"start":{"line":25,"column":38},"end":{"line":25,"column":50}},"10":{"start":{"line":26,"column":30},"end":{"line":26,"column":44}},"11":{"start":{"line":27,"column":46},"end":{"line":27,"column":61}},"12":{"start":{"line":28,"column":52},"end":{"line":28,"column":67}},"13":{"start":{"line":29,"column":44},"end":{"line":29,"column":67}},"14":{"start":{"line":30,"column":40},"end":{"line":30,"column":52}},"15":{"start":{"line":31,"column":46},"end":{"line":31,"column":61}},"16":{"start":{"line":32,"column":54},"end":{"line":32,"column":69}},"17":{"start":{"line":34,"column":18},"end":{"line":48,"column":3}},"18":{"start":{"line":35,"column":4},"end":{"line":47,"column":5}},"19":{"start":{"line":36,"column":6},"end":{"line":36,"column":117}},"20":{"start":{"line":36,"column":75},"end":{"line":36,"column":114}},"21":{"start":{"line":37,"column":6},"end":{"line":37,"column":47}},"22":{"start":{"line":38,"column":28},"end":{"line":38,"column":67}},"23":{"start":{"line":39,"column":6},"end":{"line":39,"column":59}},"24":{"start":{"line":40,"column":6},"end":{"line":40,"column":55}},"25":{"start":{"line":41,"column":6},"end":{"line":41,"column":50}},"26":{"start":{"line":42,"column":6},"end":{"line":42,"column":60}},"27":{"start":{"line":43,"column":6},"end":{"line":43,"column":71}},"28":{"start":{"line":44,"column":6},"end":{"line":44,"column":61}},"29":{"start":{"line":45,"column":6},"end":{"line":45,"column":84}},"30":{"start":{"line":46,"column":6},"end":{"line":46,"column":69}},"31":{"start":{"line":50,"column":22},"end":{"line":72,"column":3}},"32":{"start":{"line":51,"column":4},"end":{"line":71,"column":5}},"33":{"start":{"line":52,"column":6},"end":{"line":52,"column":30}},"34":{"start":{"line":53,"column":6},"end":{"line":53,"column":31}},"35":{"start":{"line":54,"column":6},"end":{"line":54,"column":54}},"36":{"start":{"line":55,"column":11},"end":{"line":71,"column":5}},"37":{"start":{"line":56,"column":6},"end":{"line":56,"column":72}},"38":{"start":{"line":57,"column":6},"end":{"line":57,"column":115}},"39":{"start":{"line":57,"column":74},"end":{"line":57,"column":113}},"40":{"start":{"line":58,"column":6},"end":{"line":58,"column":52}},"41":{"start":{"line":59,"column":6},"end":{"line":59,"column":29}},"42":{"start":{"line":60,"column":6},"end":{"line":60,"column":30}},"43":{"start":{"line":61,"column":6},"end":{"line":61,"column":122}},"44":{"start":{"line":63,"column":10},"end":{"line":71,"column":5}},"45":{"start":{"line":64,"column":6},"end":{"line":64,"column":72}},"46":{"start":{"line":65,"column":6},"end":{"line":65,"column":115}},"47":{"start":{"line":65,"column":74},"end":{"line":65,"column":113}},"48":{"start":{"line":66,"column":6},"end":{"line":66,"column":52}},"49":{"start":{"line":67,"column":6},"end":{"line":67,"column":30}},"50":{"start":{"line":68,"column":6},"end":{"line":68,"column":31}},"51":{"start":{"line":70,"column":6},"end":{"line":70,"column":122}},"52":{"start":{"line":74,"column":26},"end":{"line":87,"column":3}},"53":{"start":{"line":75,"column":4},"end":{"line":85,"column":5}},"54":{"start":{"line":76,"column":6},"end":{"line":76,"column":34}},"55":{"start":{"line":78,"column":9},"end":{"line":85,"column":5}},"56":{"start":{"line":79,"column":6},"end":{"line":79,"column":34}},"57":{"start":{"line":80,"column":6},"end":{"line":80,"column":31}},"58":{"start":{"line":81,"column":6},"end":{"line":81,"column":78}},"59":{"start":{"line":82,"column":11},"end":{"line":85,"column":5}},"60":{"start":{"line":83,"column":6},"end":{"line":83,"column":31}},"61":{"start":{"line":84,"column":6},"end":{"line":84,"column":35}},"62":{"start":{"line":89,"column":26},"end":{"line":95,"column":3}},"63":{"start":{"line":90,"column":4},"end":{"line":90,"column":31}},"64":{"start":{"line":91,"column":4},"end":{"line":93,"column":5}},"65":{"start":{"line":92,"column":6},"end":{"line":92,"column":30}},"66":{"start":{"line":94,"column":4},"end":{"line":94,"column":154}},"67":{"start":{"line":97,"column":2},"end":{"line":121,"column":9}},"68":{"start":{"line":98,"column":4},"end":{"line":120,"column":37}},"69":{"start":{"line":100,"column":6},"end":{"line":100,"column":41}},"70":{"start":{"line":101,"column":6},"end":{"line":101,"column":47}},"71":{"start":{"line":102,"column":6},"end":{"line":102,"column":49}},"72":{"start":{"line":106,"column":8},"end":{"line":106,"column":60}},"73":{"start":{"line":107,"column":8},"end":{"line":107,"column":62}},"74":{"start":{"line":112,"column":6},"end":{"line":112,"column":54}},"75":{"start":{"line":113,"column":6},"end":{"line":113,"column":59}},"76":{"start":{"line":114,"column":6},"end":{"line":114,"column":70}},"77":{"start":{"line":115,"column":6},"end":{"line":115,"column":37}},"78":{"start":{"line":116,"column":6},"end":{"line":116,"column":228}},"79":{"start":{"line":117,"column":6},"end":{"line":117,"column":68}},"80":{"start":{"line":120,"column":19},"end":{"line":120,"column":35}},"81":{"start":{"line":124,"column":2},"end":{"line":176,"column":3}}},"fnMap":{"0":{"name":"(anonymous_0)","decl":{"start":{"line":15,"column":20},"end":{"line":15,"column":21}},"loc":{"start":{"line":15,"column":35},"end":{"line":178,"column":1}},"line":15},"1":{"name":"(anonymous_1)","decl":{"start":{"line":34,"column":18},"end":{"line":34,"column":19}},"loc":{"start":{"line":34,"column":25},"end":{"line":48,"column":3}},"line":34},"2":{"name":"(anonymous_2)","decl":{"start":{"line":36,"column":65},"end":{"line":36,"column":66}},"loc":{"start":{"line":36,"column":74},"end":{"line":36,"column":115}},"line":36},"3":{"name":"(anonymous_3)","decl":{"start":{"line":50,"column":22},"end":{"line":50,"column":23}},"loc":{"start":{"line":50,"column":28},"end":{"line":72,"column":3}},"line":50},"4":{"name":"(anonymous_4)","decl":{"start":{"line":57,"column":65},"end":{"line":57,"column":66}},"loc":{"start":{"line":57,"column":74},"end":{"line":57,"column":113}},"line":57},"5":{"name":"(anonymous_5)","decl":{"start":{"line":65,"column":65},"end":{"line":65,"column":66}},"loc":{"start":{"line":65,"column":74},"end":{"line":65,"column":113}},"line":65},"6":{"name":"(anonymous_6)","decl":{"start":{"line":74,"column":26},"end":{"line":74,"column":27}},"loc":{"start":{"line":74,"column":31},"end":{"line":87,"column":3}},"line":74},"7":{"name":"(anonymous_7)","decl":{"start":{"line":89,"column":26},"end":{"line":89,"column":27}},"loc":{"start":{"line":89,"column":32},"end":{"line":95,"column":3}},"line":89},"8":{"name":"(anonymous_8)","decl":{"start":{"line":97,"column":12},"end":{"line":97,"column":13}},"loc":{"start":{"line":97,"column":18},"end":{"line":121,"column":5}},"line":97},"9":{"name":"(anonymous_9)","decl":{"start":{"line":99,"column":10},"end":{"line":99,"column":11}},"loc":{"start":{"line":99,"column":23},"end":{"line":119,"column":5}},"line":99},"10":{"name":"(anonymous_10)","decl":{"start":{"line":120,"column":11},"end":{"line":120,"column":12}},"loc":{"start":{"line":120,"column":18},"end":{"line":120,"column":36}},"line":120}},"branchMap":{"0":{"loc":{"start":{"line":35,"column":4},"end":{"line":47,"column":5}},"type":"if","locations":[{"start":{"line":35,"column":4},"end":{"line":47,"column":5}},{"start":{},"end":{}}],"line":35},"1":{"loc":{"start":{"line":38,"column":28},"end":{"line":38,"column":67}},"type":"binary-expr","locations":[{"start":{"line":38,"column":28},"end":{"line":38,"column":62}},{"start":{"line":38,"column":66},"end":{"line":38,"column":67}}],"line":38},"2":{"loc":{"start":{"line":51,"column":4},"end":{"line":71,"column":5}},"type":"if","locations":[{"start":{"line":51,"column":4},"end":{"line":71,"column":5}},{"start":{"line":55,"column":11},"end":{"line":71,"column":5}}],"line":51},"3":{"loc":{"start":{"line":51,"column":8},"end":{"line":51,"column":65}},"type":"binary-expr","locations":[{"start":{"line":51,"column":8},"end":{"line":51,"column":36}},{"start":{"line":51,"column":40},"end":{"line":51,"column":65}}],"line":51},"4":{"loc":{"start":{"line":55,"column":11},"end":{"line":71,"column":5}},"type":"if","locations":[{"start":{"line":55,"column":11},"end":{"line":71,"column":5}},{"start":{"line":63,"column":10},"end":{"line":71,"column":5}}],"line":55},"5":{"loc":{"start":{"line":55,"column":15},"end":{"line":55,"column":84}},"type":"binary-expr","locations":[{"start":{"line":55,"column":15},"end":{"line":55,"column":43}},{"start":{"line":55,"column":47},"end":{"line":55,"column":84}}],"line":55},"6":{"loc":{"start":{"line":63,"column":10},"end":{"line":71,"column":5}},"type":"if","locations":[{"start":{"line":63,"column":10},"end":{"line":71,"column":5}},{"start":{},"end":{}}],"line":63},"7":{"loc":{"start":{"line":75,"column":4},"end":{"line":85,"column":5}},"type":"if","locations":[{"start":{"line":75,"column":4},"end":{"line":85,"column":5}},{"start":{"line":78,"column":9},"end":{"line":85,"column":5}}],"line":75},"8":{"loc":{"start":{"line":75,"column":8},"end":{"line":75,"column":81}},"type":"binary-expr","locations":[{"start":{"line":75,"column":8},"end":{"line":75,"column":36}},{"start":{"line":75,"column":40},"end":{"line":75,"column":81}}],"line":75},"9":{"loc":{"start":{"line":78,"column":9},"end":{"line":85,"column":5}},"type":"if","locations":[{"start":{"line":78,"column":9},"end":{"line":85,"column":5}},{"start":{"line":82,"column":11},"end":{"line":85,"column":5}}],"line":78},"10":{"loc":{"start":{"line":78,"column":13},"end":{"line":78,"column":59}},"type":"binary-expr","locations":[{"start":{"line":78,"column":13},"end":{"line":78,"column":41}},{"start":{"line":78,"column":45},"end":{"line":78,"column":59}}],"line":78},"11":{"loc":{"start":{"line":82,"column":11},"end":{"line":85,"column":5}},"type":"if","locations":[{"start":{"line":82,"column":11},"end":{"line":85,"column":5}},{"start":{},"end":{}}],"line":82},"12":{"loc":{"start":{"line":91,"column":4},"end":{"line":93,"column":5}},"type":"if","locations":[{"start":{"line":91,"column":4},"end":{"line":93,"column":5}},{"start":{},"end":{}}],"line":91},"13":{"loc":{"start":{"line":91,"column":8},"end":{"line":91,"column":44}},"type":"binary-expr","locations":[{"start":{"line":91,"column":8},"end":{"line":91,"column":22}},{"start":{"line":91,"column":26},"end":{"line":91,"column":44}}],"line":91},"14":{"loc":{"start":{"line":94,"column":74},"end":{"line":94,"column":126}},"type":"binary-expr","locations":[{"start":{"line":94,"column":74},"end":{"line":94,"column":96}},{"start":{"line":94,"column":100},"end":{"line":94,"column":126}}],"line":94},"15":{"loc":{"start":{"line":116,"column":117},"end":{"line":116,"column":199}},"type":"binary-expr","locations":[{"start":{"line":116,"column":117},"end":{"line":116,"column":154}},{"start":{"line":116,"column":158},"end":{"line":116,"column":199}}],"line":116},"16":{"loc":{"start":{"line":131,"column":9},"end":{"line":132,"column":17}},"type":"cond-expr","locations":[{"start":{"line":131,"column":36},"end":{"line":132,"column":10}},{"start":{"line":132,"column":13},"end":{"line":132,"column":17}}],"line":131},"17":{"loc":{"start":{"line":138,"column":10},"end":{"line":138,"column":65}},"type":"cond-expr","locations":[{"start":{"line":138,"column":24},"end":{"line":138,"column":58}},{"start":{"line":138,"column":61},"end":{"line":138,"column":65}}],"line":138},"18":{"loc":{"start":{"line":141,"column":10},"end":{"line":141,"column":113}},"type":"binary-expr","locations":[{"start":{"line":141,"column":10},"end":{"line":141,"column":44}},{"start":{"line":141,"column":48},"end":{"line":141,"column":113}}],"line":141},"19":{"loc":{"start":{"line":146,"column":83},"end":{"line":146,"column":109}},"type":"binary-expr","locations":[{"start":{"line":146,"column":83},"end":{"line":146,"column":94}},{"start":{"line":146,"column":98},"end":{"line":146,"column":109}}],"line":146},"20":{"loc":{"start":{"line":147,"column":11},"end":{"line":147,"column":158}},"type":"cond-expr","locations":[{"start":{"line":147,"column":26},"end":{"line":147,"column":151}},{"start":{"line":147,"column":154},"end":{"line":147,"column":158}}],"line":147},"21":{"loc":{"start":{"line":151,"column":11},"end":{"line":151,"column":132}},"type":"cond-expr","locations":[{"start":{"line":151,"column":54},"end":{"line":151,"column":125}},{"start":{"line":151,"column":128},"end":{"line":151,"column":132}}],"line":151},"22":{"loc":{"start":{"line":152,"column":11},"end":{"line":152,"column":99}},"type":"binary-expr","locations":[{"start":{"line":152,"column":11},"end":{"line":152,"column":28}},{"start":{"line":152,"column":32},"end":{"line":152,"column":47}},{"start":{"line":152,"column":51},"end":{"line":152,"column":99}}],"line":152},"23":{"loc":{"start":{"line":155,"column":11},"end":{"line":155,"column":194}},"type":"cond-expr","locations":[{"start":{"line":155,"column":80},"end":{"line":155,"column":187}},{"start":{"line":155,"column":190},"end":{"line":155,"column":194}}],"line":155},"24":{"loc":{"start":{"line":155,"column":11},"end":{"line":155,"column":77}},"type":"binary-expr","locations":[{"start":{"line":155,"column":11},"end":{"line":155,"column":33}},{"start":{"line":155,"column":37},"end":{"line":155,"column":77}}],"line":155},"25":{"loc":{"start":{"line":156,"column":11},"end":{"line":156,"column":107}},"type":"binary-expr","locations":[{"start":{"line":156,"column":11},"end":{"line":156,"column":30}},{"start":{"line":156,"column":34},"end":{"line":156,"column":51}},{"start":{"line":156,"column":55},"end":{"line":156,"column":107}}],"line":156},"26":{"loc":{"start":{"line":166,"column":11},"end":{"line":169,"column":19}},"type":"cond-expr","locations":[{"start":{"line":166,"column":52},"end":{"line":169,"column":12}},{"start":{"line":169,"column":15},"end":{"line":169,"column":19}}],"line":166}},"s":{"0":1,"1":0,"2":0,"3":0,"4":0,"5":0,"6":0,"7":0,"8":0,"9":0,"10":0,"11":0,"12":0,"13":0,"14":0,"15":0,"16":0,"17":0,"18":0,"19":0,"20":0,"21":0,"22":0,"23":0,"24":0,"25":0,"26":0,"27":0,"28":0,"29":0,"30":0,"31":0,"32":0,"33":0,"34":0,"35":0,"36":0,"37":0,"38":0,"39":0,"40":0,"41":0,"42":0,"43":0,"44":0,"45":0,"46":0,"47":0,"48":0,"49":0,"50":0,"51":0,"52":0,"53":0,"54":0,"55":0,"56":0,"57":0,"58":0,"59":0,"60":0,"61":0,"62":0,"63":0,"64":0,"65":0,"66":0,"67":0,"68":0,"69":0,"70":0,"71":0,"72":0,"73":0,"74":0,"75":0,"76":0,"77":0,"78":0,"79":0,"80":0,"81":0},"f":{"0":0,"1":0,"2":0,"3":0,"4":0,"5":0,"6":0,"7":0,"8":0,"9":0,"10":0},"b":{"0":[0,0],"1":[0,0],"2":[0,0],"3":[0,0],"4":[0,0],"5":[0,0],"6":[0,0],"7":[0,0],"8":[0,0],"9":[0,0],"10":[0,0],"11":[0,0],"12":[0,0],"13":[0,0],"14":[0,0],"15":[0,0],"16":[0,0],"17":[0,0],"18":[0,0],"19":[0,0],"20":[0,0],"21":[0,0],"22":[0,0,0],"23":[0,0],"24":[0,0],"25":[0,0,0],"26":[0,0]},"_coverageSchema":"1a1c01bbd47fc00a2c39e90264f33305004495a9","hash":"e8145f18f891e5ee4fb5e52824c51b69669c4a01"}
,"/Users/terrencekoo/fec/client/src/components/Overview/Images.jsx": {"path":"/Users/terrencekoo/fec/client/src/components/Overview/Images.jsx","statementMap":{"0":{"start":{"line":3,"column":15},"end":{"line":132,"column":1}},"1":{"start":{"line":4,"column":30},"end":{"line":4,"column":45}},"2":{"start":{"line":6,"column":23},"end":{"line":9,"column":3}},"3":{"start":{"line":7,"column":4},"end":{"line":7,"column":19}},"4":{"start":{"line":8,"column":4},"end":{"line":8,"column":45}},"5":{"start":{"line":11,"column":21},"end":{"line":47,"column":3}},"6":{"start":{"line":12,"column":4},"end":{"line":12,"column":23}},"7":{"start":{"line":13,"column":16},"end":{"line":13,"column":17}},"8":{"start":{"line":14,"column":4},"end":{"line":18,"column":7}},"9":{"start":{"line":15,"column":6},"end":{"line":17,"column":7}},"10":{"start":{"line":16,"column":8},"end":{"line":16,"column":22}},"11":{"start":{"line":19,"column":4},"end":{"line":27,"column":5}},"12":{"start":{"line":20,"column":6},"end":{"line":20,"column":14}},"13":{"start":{"line":28,"column":4},"end":{"line":33,"column":5}},"14":{"start":{"line":29,"column":6},"end":{"line":29,"column":14}},"15":{"start":{"line":34,"column":19},"end":{"line":34,"column":40}},"16":{"start":{"line":35,"column":16},"end":{"line":35,"column":17}},"17":{"start":{"line":36,"column":14},"end":{"line":36,"column":15}},"18":{"start":{"line":37,"column":4},"end":{"line":43,"column":5}},"19":{"start":{"line":38,"column":6},"end":{"line":38,"column":20}},"20":{"start":{"line":39,"column":6},"end":{"line":39,"column":22}},"21":{"start":{"line":41,"column":6},"end":{"line":41,"column":32}},"22":{"start":{"line":42,"column":6},"end":{"line":42,"column":26}},"23":{"start":{"line":45,"column":4},"end":{"line":45,"column":35}},"24":{"start":{"line":46,"column":4},"end":{"line":46,"column":45}},"25":{"start":{"line":48,"column":23},"end":{"line":68,"column":3}},"26":{"start":{"line":49,"column":16},"end":{"line":49,"column":17}},"27":{"start":{"line":50,"column":4},"end":{"line":54,"column":7}},"28":{"start":{"line":51,"column":6},"end":{"line":53,"column":7}},"29":{"start":{"line":52,"column":8},"end":{"line":52,"column":22}},"30":{"start":{"line":55,"column":19},"end":{"line":55,"column":40}},"31":{"start":{"line":56,"column":16},"end":{"line":56,"column":17}},"32":{"start":{"line":57,"column":14},"end":{"line":57,"column":15}},"33":{"start":{"line":58,"column":4},"end":{"line":64,"column":5}},"34":{"start":{"line":59,"column":6},"end":{"line":59,"column":20}},"35":{"start":{"line":60,"column":6},"end":{"line":60,"column":22}},"36":{"start":{"line":62,"column":6},"end":{"line":62,"column":32}},"37":{"start":{"line":63,"column":6},"end":{"line":63,"column":26}},"38":{"start":{"line":65,"column":4},"end":{"line":65,"column":46}},"39":{"start":{"line":66,"column":4},"end":{"line":66,"column":45}},"40":{"start":{"line":70,"column":2},"end":{"line":131,"column":3}},"41":{"start":{"line":120,"column":10},"end":{"line":126,"column":9}}},"fnMap":{"0":{"name":"(anonymous_0)","decl":{"start":{"line":3,"column":15},"end":{"line":3,"column":16}},"loc":{"start":{"line":3,"column":87},"end":{"line":132,"column":1}},"line":3},"1":{"name":"(anonymous_1)","decl":{"start":{"line":6,"column":23},"end":{"line":6,"column":24}},"loc":{"start":{"line":6,"column":30},"end":{"line":9,"column":3}},"line":6},"2":{"name":"(anonymous_2)","decl":{"start":{"line":11,"column":21},"end":{"line":11,"column":22}},"loc":{"start":{"line":11,"column":28},"end":{"line":47,"column":3}},"line":11},"3":{"name":"(anonymous_3)","decl":{"start":{"line":14,"column":19},"end":{"line":14,"column":20}},"loc":{"start":{"line":14,"column":37},"end":{"line":18,"column":5}},"line":14},"4":{"name":"(anonymous_4)","decl":{"start":{"line":48,"column":23},"end":{"line":48,"column":24}},"loc":{"start":{"line":48,"column":29},"end":{"line":68,"column":3}},"line":48},"5":{"name":"(anonymous_5)","decl":{"start":{"line":50,"column":19},"end":{"line":50,"column":20}},"loc":{"start":{"line":50,"column":37},"end":{"line":54,"column":5}},"line":50},"6":{"name":"(anonymous_6)","decl":{"start":{"line":119,"column":25},"end":{"line":119,"column":26}},"loc":{"start":{"line":119,"column":43},"end":{"line":127,"column":7}},"line":119}},"branchMap":{"0":{"loc":{"start":{"line":15,"column":6},"end":{"line":17,"column":7}},"type":"if","locations":[{"start":{"line":15,"column":6},"end":{"line":17,"column":7}},{"start":{},"end":{}}],"line":15},"1":{"loc":{"start":{"line":19,"column":4},"end":{"line":27,"column":5}},"type":"if","locations":[{"start":{"line":19,"column":4},"end":{"line":27,"column":5}},{"start":{},"end":{}}],"line":19},"2":{"loc":{"start":{"line":28,"column":4},"end":{"line":33,"column":5}},"type":"if","locations":[{"start":{"line":28,"column":4},"end":{"line":33,"column":5}},{"start":{},"end":{}}],"line":28},"3":{"loc":{"start":{"line":37,"column":4},"end":{"line":43,"column":5}},"type":"if","locations":[{"start":{"line":37,"column":4},"end":{"line":43,"column":5}},{"start":{"line":40,"column":11},"end":{"line":43,"column":5}}],"line":37},"4":{"loc":{"start":{"line":51,"column":6},"end":{"line":53,"column":7}},"type":"if","locations":[{"start":{"line":51,"column":6},"end":{"line":53,"column":7}},{"start":{},"end":{}}],"line":51},"5":{"loc":{"start":{"line":58,"column":4},"end":{"line":64,"column":5}},"type":"if","locations":[{"start":{"line":58,"column":4},"end":{"line":64,"column":5}},{"start":{"line":61,"column":11},"end":{"line":64,"column":5}}],"line":58},"6":{"loc":{"start":{"line":74,"column":7},"end":{"line":92,"column":9}},"type":"cond-expr","locations":[{"start":{"line":74,"column":29},"end":{"line":77,"column":9}},{"start":{"line":78,"column":8},"end":{"line":92,"column":9}}],"line":74},"7":{"loc":{"start":{"line":78,"column":8},"end":{"line":92,"column":9}},"type":"cond-expr","locations":[{"start":{"line":79,"column":6},"end":{"line":82,"column":9}},{"start":{"line":83,"column":8},"end":{"line":92,"column":9}}],"line":78},"8":{"loc":{"start":{"line":83,"column":8},"end":{"line":92,"column":9}},"type":"cond-expr","locations":[{"start":{"line":84,"column":6},"end":{"line":87,"column":9}},{"start":{"line":89,"column":6},"end":{"line":92,"column":9}}],"line":83},"9":{"loc":{"start":{"line":96,"column":5},"end":{"line":96,"column":134}},"type":"binary-expr","locations":[{"start":{"line":96,"column":5},"end":{"line":96,"column":18}},{"start":{"line":96,"column":22},"end":{"line":96,"column":134}}],"line":96},"10":{"loc":{"start":{"line":98,"column":7},"end":{"line":117,"column":9}},"type":"cond-expr","locations":[{"start":{"line":99,"column":6},"end":{"line":102,"column":9}},{"start":{"line":103,"column":8},"end":{"line":117,"column":9}}],"line":98},"11":{"loc":{"start":{"line":103,"column":8},"end":{"line":117,"column":9}},"type":"cond-expr","locations":[{"start":{"line":104,"column":6},"end":{"line":107,"column":9}},{"start":{"line":108,"column":8},"end":{"line":117,"column":9}}],"line":103},"12":{"loc":{"start":{"line":108,"column":8},"end":{"line":117,"column":9}},"type":"cond-expr","locations":[{"start":{"line":109,"column":6},"end":{"line":112,"column":9}},{"start":{"line":114,"column":6},"end":{"line":117,"column":9}}],"line":108},"13":{"loc":{"start":{"line":121,"column":12},"end":{"line":123,"column":137}},"type":"cond-expr","locations":[{"start":{"line":122,"column":12},"end":{"line":122,"column":144}},{"start":{"line":123,"column":14},"end":{"line":123,"column":137}}],"line":121}},"s":{"0":1,"1":0,"2":0,"3":0,"4":0,"5":0,"6":0,"7":0,"8":0,"9":0,"10":0,"11":0,"12":0,"13":0,"14":0,"15":0,"16":0,"17":0,"18":0,"19":0,"20":0,"21":0,"22":0,"23":0,"24":0,"25":0,"26":0,"27":0,"28":0,"29":0,"30":0,"31":0,"32":0,"33":0,"34":0,"35":0,"36":0,"37":0,"38":0,"39":0,"40":0,"41":0},"f":{"0":0,"1":0,"2":0,"3":0,"4":0,"5":0,"6":0},"b":{"0":[0,0],"1":[0,0],"2":[0,0],"3":[0,0],"4":[0,0],"5":[0,0],"6":[0,0],"7":[0,0],"8":[0,0],"9":[0,0],"10":[0,0],"11":[0,0],"12":[0,0],"13":[0,0]},"_coverageSchema":"1a1c01bbd47fc00a2c39e90264f33305004495a9","hash":"bc05cddc50e78c56420180078549cef2b0f53b4e"}
,"/Users/terrencekoo/fec/client/src/components/Overview/Modal.jsx": {"path":"/Users/terrencekoo/fec/client/src/components/Overview/Modal.jsx","statementMap":{"0":{"start":{"line":3,"column":14},"end":{"line":39,"column":6}},"1":{"start":{"line":4,"column":25},"end":{"line":7,"column":5}},"2":{"start":{"line":5,"column":8},"end":{"line":5,"column":25}},"3":{"start":{"line":6,"column":8},"end":{"line":6,"column":50}},"4":{"start":{"line":8,"column":4},"end":{"line":39,"column":5}}},"fnMap":{"0":{"name":"(anonymous_0)","decl":{"start":{"line":3,"column":14},"end":{"line":3,"column":15}},"loc":{"start":{"line":3,"column":71},"end":{"line":39,"column":6}},"line":3},"1":{"name":"(anonymous_1)","decl":{"start":{"line":4,"column":25},"end":{"line":4,"column":26}},"loc":{"start":{"line":4,"column":32},"end":{"line":7,"column":5}},"line":4}},"branchMap":{"0":{"loc":{"start":{"line":9,"column":8},"end":{"line":38,"column":5}},"type":"binary-expr","locations":[{"start":{"line":9,"column":8},"end":{"line":9,"column":12}},{"start":{"line":9,"column":16},"end":{"line":38,"column":5}}],"line":9},"1":{"loc":{"start":{"line":14,"column":13},"end":{"line":33,"column":19}},"type":"cond-expr","locations":[{"start":{"line":15,"column":16},"end":{"line":18,"column":19}},{"start":{"line":19,"column":18},"end":{"line":33,"column":19}}],"line":14},"2":{"loc":{"start":{"line":19,"column":18},"end":{"line":33,"column":19}},"type":"cond-expr","locations":[{"start":{"line":20,"column":16},"end":{"line":23,"column":19}},{"start":{"line":24,"column":18},"end":{"line":33,"column":19}}],"line":19},"3":{"loc":{"start":{"line":24,"column":18},"end":{"line":33,"column":19}},"type":"cond-expr","locations":[{"start":{"line":25,"column":16},"end":{"line":28,"column":19}},{"start":{"line":30,"column":16},"end":{"line":33,"column":19}}],"line":24}},"s":{"0":1,"1":0,"2":0,"3":0,"4":0},"f":{"0":0,"1":0},"b":{"0":[0,0],"1":[0,0],"2":[0,0],"3":[0,0]},"_coverageSchema":"1a1c01bbd47fc00a2c39e90264f33305004495a9","hash":"4b240aa59192ec28a16e2c8605efb9c0a0cae7c3"}
,"/Users/terrencekoo/fec/client/src/components/Overview/Price.jsx": {"path":"/Users/terrencekoo/fec/client/src/components/Overview/Price.jsx","statementMap":{"0":{"start":{"line":2,"column":14},"end":{"line":8,"column":1}},"1":{"start":{"line":3,"column":4},"end":{"line":7,"column":5}}},"fnMap":{"0":{"name":"(anonymous_0)","decl":{"start":{"line":2,"column":14},"end":{"line":2,"column":15}},"loc":{"start":{"line":2,"column":33},"end":{"line":8,"column":1}},"line":2}},"branchMap":{"0":{"loc":{"start":{"line":4,"column":8},"end":{"line":6,"column":75}},"type":"cond-expr","locations":[{"start":{"line":5,"column":10},"end":{"line":5,"column":154}},{"start":{"line":6,"column":9},"end":{"line":6,"column":75}}],"line":4}},"s":{"0":1,"1":0},"f":{"0":0},"b":{"0":[0,0]},"_coverageSchema":"1a1c01bbd47fc00a2c39e90264f33305004495a9","hash":"68c353d0b460e1544f6cc87f42ea43a0dd5b7d0e"}
,"/Users/terrencekoo/fec/client/src/components/Overview/Quantity.jsx": {"path":"/Users/terrencekoo/fec/client/src/components/Overview/Quantity.jsx","statementMap":{"0":{"start":{"line":2,"column":17},"end":{"line":26,"column":1}},"1":{"start":{"line":3,"column":19},"end":{"line":3,"column":21}},"2":{"start":{"line":4,"column":4},"end":{"line":6,"column":5}},"3":{"start":{"line":4,"column":15},"end":{"line":4,"column":16}},"4":{"start":{"line":5,"column":8},"end":{"line":5,"column":25}},"5":{"start":{"line":7,"column":4},"end":{"line":9,"column":5}},"6":{"start":{"line":8,"column":8},"end":{"line":8,"column":35}},"7":{"start":{"line":10,"column":4},"end":{"line":25,"column":5}},"8":{"start":{"line":15,"column":16},"end":{"line":20,"column":17}}},"fnMap":{"0":{"name":"(anonymous_0)","decl":{"start":{"line":2,"column":17},"end":{"line":2,"column":18}},"loc":{"start":{"line":2,"column":71},"end":{"line":26,"column":1}},"line":2},"1":{"name":"(anonymous_1)","decl":{"start":{"line":14,"column":39},"end":{"line":14,"column":40}},"loc":{"start":{"line":14,"column":54},"end":{"line":21,"column":13}},"line":14}},"branchMap":{"0":{"loc":{"start":{"line":16,"column":16},"end":{"line":19,"column":84}},"type":"cond-expr","locations":[{"start":{"line":16,"column":30},"end":{"line":16,"column":93}},{"start":{"line":17,"column":17},"end":{"line":19,"column":84}}],"line":16},"1":{"loc":{"start":{"line":17,"column":17},"end":{"line":19,"column":84}},"type":"cond-expr","locations":[{"start":{"line":17,"column":31},"end":{"line":17,"column":90}},{"start":{"line":18,"column":18},"end":{"line":19,"column":84}}],"line":17},"2":{"loc":{"start":{"line":18,"column":18},"end":{"line":19,"column":84}},"type":"cond-expr","locations":[{"start":{"line":18,"column":39},"end":{"line":18,"column":115}},{"start":{"line":19,"column":18},"end":{"line":19,"column":84}}],"line":18}},"s":{"0":1,"1":0,"2":0,"3":0,"4":0,"5":0,"6":0,"7":0,"8":0},"f":{"0":0,"1":0},"b":{"0":[0,0],"1":[0,0],"2":[0,0]},"_coverageSchema":"1a1c01bbd47fc00a2c39e90264f33305004495a9","hash":"dc643c6214f118d2bf9db4b4fba3895fcd3dd62d"}
,"/Users/terrencekoo/fec/client/src/components/Overview/Share.jsx": {"path":"/Users/terrencekoo/fec/client/src/components/Overview/Share.jsx","statementMap":{"0":{"start":{"line":2,"column":13},"end":{"line":22,"column":1}},"1":{"start":{"line":3,"column":36},"end":{"line":3,"column":51}},"2":{"start":{"line":4,"column":26},"end":{"line":6,"column":5}},"3":{"start":{"line":5,"column":8},"end":{"line":5,"column":33}},"4":{"start":{"line":7,"column":4},"end":{"line":21,"column":3}}},"fnMap":{"0":{"name":"(anonymous_0)","decl":{"start":{"line":2,"column":13},"end":{"line":2,"column":14}},"loc":{"start":{"line":2,"column":18},"end":{"line":22,"column":1}},"line":2},"1":{"name":"(anonymous_1)","decl":{"start":{"line":4,"column":26},"end":{"line":4,"column":27}},"loc":{"start":{"line":4,"column":32},"end":{"line":6,"column":5}},"line":4}},"branchMap":{"0":{"loc":{"start":{"line":10,"column":70},"end":{"line":10,"column":91}},"type":"cond-expr","locations":[{"start":{"line":10,"column":82},"end":{"line":10,"column":85}},{"start":{"line":10,"column":88},"end":{"line":10,"column":91}}],"line":10},"1":{"loc":{"start":{"line":11,"column":11},"end":{"line":18,"column":16}},"type":"binary-expr","locations":[{"start":{"line":11,"column":11},"end":{"line":11,"column":20}},{"start":{"line":11,"column":24},"end":{"line":18,"column":16}}],"line":11}},"s":{"0":1,"1":0,"2":0,"3":0,"4":0},"f":{"0":0,"1":0},"b":{"0":[0,0],"1":[0,0]},"_coverageSchema":"1a1c01bbd47fc00a2c39e90264f33305004495a9","hash":"a4d5a5f865aaf8d0913f3c9156b950bc48c67586"}
,"/Users/terrencekoo/fec/client/src/components/Overview/Size.jsx": {"path":"/Users/terrencekoo/fec/client/src/components/Overview/Size.jsx","statementMap":{"0":{"start":{"line":3,"column":13},"end":{"line":22,"column":1}},"1":{"start":{"line":6,"column":4},"end":{"line":21,"column":10}},"2":{"start":{"line":10,"column":16},"end":{"line":16,"column":21}}},"fnMap":{"0":{"name":"(anonymous_0)","decl":{"start":{"line":3,"column":13},"end":{"line":3,"column":14}},"loc":{"start":{"line":3,"column":50},"end":{"line":22,"column":1}},"line":3},"1":{"name":"(anonymous_1)","decl":{"start":{"line":9,"column":48},"end":{"line":9,"column":49}},"loc":{"start":{"line":10,"column":16},"end":{"line":16,"column":21}},"line":10}},"branchMap":{"0":{"loc":{"start":{"line":8,"column":13},"end":{"line":20,"column":13}},"type":"cond-expr","locations":[{"start":{"line":9,"column":14},"end":{"line":17,"column":14}},{"start":{"line":18,"column":10},"end":{"line":20,"column":13}}],"line":8},"1":{"loc":{"start":{"line":8,"column":13},"end":{"line":8,"column":100}},"type":"binary-expr","locations":[{"start":{"line":8,"column":13},"end":{"line":8,"column":49}},{"start":{"line":8,"column":53},"end":{"line":8,"column":100}}],"line":8},"2":{"loc":{"start":{"line":10,"column":16},"end":{"line":16,"column":21}},"type":"cond-expr","locations":[{"start":{"line":11,"column":16},"end":{"line":13,"column":21}},{"start":{"line":14,"column":16},"end":{"line":16,"column":21}}],"line":10}},"s":{"0":1,"1":0,"2":0},"f":{"0":0,"1":0},"b":{"0":[0,0],"1":[0,0],"2":[0,0]},"_coverageSchema":"1a1c01bbd47fc00a2c39e90264f33305004495a9","hash":"ab2105b34c9530c21afa4b08e101c64e9975a5f6"}
,"/Users/terrencekoo/fec/client/src/components/Overview/Styles.jsx": {"path":"/Users/terrencekoo/fec/client/src/components/Overview/Styles.jsx","statementMap":{"0":{"start":{"line":2,"column":15},"end":{"line":16,"column":1}},"1":{"start":{"line":3,"column":4},"end":{"line":15,"column":6}},"2":{"start":{"line":7,"column":16},"end":{"line":11,"column":20}}},"fnMap":{"0":{"name":"(anonymous_0)","decl":{"start":{"line":2,"column":15},"end":{"line":2,"column":16}},"loc":{"start":{"line":2,"column":44},"end":{"line":16,"column":1}},"line":2},"1":{"name":"(anonymous_1)","decl":{"start":{"line":6,"column":30},"end":{"line":6,"column":31}},"loc":{"start":{"line":6,"column":46},"end":{"line":12,"column":13}},"line":6}},"branchMap":{"0":{"loc":{"start":{"line":8,"column":20},"end":{"line":10,"column":146}},"type":"cond-expr","locations":[{"start":{"line":9,"column":20},"end":{"line":9,"column":162}},{"start":{"line":10,"column":20},"end":{"line":10,"column":146}}],"line":8}},"s":{"0":1,"1":0,"2":0},"f":{"0":0,"1":0},"b":{"0":[0,0]},"_coverageSchema":"1a1c01bbd47fc00a2c39e90264f33305004495a9","hash":"97d61fc2d227202feb238beab4ef321ce76b00c4"}
,"/Users/terrencekoo/fec/client/src/components/Prodlists/AddOutfitCard.jsx": {"path":"/Users/terrencekoo/fec/client/src/components/Prodlists/AddOutfitCard.jsx","statementMap":{"0":{"start":{"line":5,"column":22},"end":{"line":25,"column":1}},"1":{"start":{"line":7,"column":2},"end":{"line":24,"column":3}},"2":{"start":{"line":13,"column":12},"end":{"line":13,"column":25}}},"fnMap":{"0":{"name":"(anonymous_0)","decl":{"start":{"line":5,"column":22},"end":{"line":5,"column":23}},"loc":{"start":{"line":5,"column":41},"end":{"line":25,"column":1}},"line":5},"1":{"name":"(anonymous_1)","decl":{"start":{"line":12,"column":10},"end":{"line":12,"column":11}},"loc":{"start":{"line":12,"column":16},"end":{"line":14,"column":11}},"line":12}},"branchMap":{},"s":{"0":1,"1":0,"2":0},"f":{"0":0,"1":0},"b":{},"_coverageSchema":"1a1c01bbd47fc00a2c39e90264f33305004495a9","hash":"ce0b21f5bbdc45f5def53eba23147801cda55d5b"}
,"/Users/terrencekoo/fec/client/src/components/Prodlists/Card.jsx": {"path":"/Users/terrencekoo/fec/client/src/components/Prodlists/Card.jsx","statementMap":{"0":{"start":{"line":9,"column":13},"end":{"line":165,"column":1}},"1":{"start":{"line":20,"column":32},"end":{"line":20,"column":44}},"2":{"start":{"line":21,"column":32},"end":{"line":21,"column":44}},"3":{"start":{"line":22,"column":42},"end":{"line":25,"column":3}},"4":{"start":{"line":26,"column":30},"end":{"line":26,"column":41}},"5":{"start":{"line":27,"column":40},"end":{"line":27,"column":51}},"6":{"start":{"line":28,"column":16},"end":{"line":28,"column":19}},"7":{"start":{"line":29,"column":17},"end":{"line":29,"column":20}},"8":{"start":{"line":31,"column":2},"end":{"line":73,"column":3}},"9":{"start":{"line":33,"column":6},"end":{"line":54,"column":8}},"10":{"start":{"line":41,"column":8},"end":{"line":41,"column":36}},"11":{"start":{"line":42,"column":8},"end":{"line":42,"column":71}},"12":{"start":{"line":44,"column":26},"end":{"line":47,"column":14}},"13":{"start":{"line":46,"column":12},"end":{"line":46,"column":62}},"14":{"start":{"line":48,"column":28},"end":{"line":51,"column":15}},"15":{"start":{"line":50,"column":12},"end":{"line":50,"column":42}},"16":{"start":{"line":52,"column":8},"end":{"line":52,"column":35}},"17":{"start":{"line":53,"column":8},"end":{"line":53,"column":40}},"18":{"start":{"line":56,"column":30},"end":{"line":58,"column":7}},"19":{"start":{"line":57,"column":8},"end":{"line":57,"column":30}},"20":{"start":{"line":60,"column":29},"end":{"line":62,"column":7}},"21":{"start":{"line":61,"column":8},"end":{"line":61,"column":29}},"22":{"start":{"line":64,"column":6},"end":{"line":64,"column":73}},"23":{"start":{"line":65,"column":6},"end":{"line":65,"column":71}},"24":{"start":{"line":67,"column":6},"end":{"line":70,"column":7}},"25":{"start":{"line":68,"column":8},"end":{"line":68,"column":78}},"26":{"start":{"line":69,"column":8},"end":{"line":69,"column":76}},"27":{"start":{"line":76,"column":2},"end":{"line":164,"column":3}},"28":{"start":{"line":102,"column":18},"end":{"line":102,"column":49}},"29":{"start":{"line":103,"column":18},"end":{"line":103,"column":32}},"30":{"start":{"line":123,"column":18},"end":{"line":126,"column":20}},"31":{"start":{"line":127,"column":18},"end":{"line":127,"column":48}},"32":{"start":{"line":128,"column":18},"end":{"line":128,"column":39}}},"fnMap":{"0":{"name":"(anonymous_0)","decl":{"start":{"line":9,"column":13},"end":{"line":9,"column":14}},"loc":{"start":{"line":18,"column":6},"end":{"line":165,"column":1}},"line":18},"1":{"name":"(anonymous_1)","decl":{"start":{"line":32,"column":4},"end":{"line":32,"column":5}},"loc":{"start":{"line":32,"column":10},"end":{"line":71,"column":5}},"line":32},"2":{"name":"(anonymous_2)","decl":{"start":{"line":40,"column":12},"end":{"line":40,"column":13}},"loc":{"start":{"line":40,"column":25},"end":{"line":54,"column":7}},"line":40},"3":{"name":"(anonymous_3)","decl":{"start":{"line":45,"column":18},"end":{"line":45,"column":19}},"loc":{"start":{"line":45,"column":32},"end":{"line":47,"column":11}},"line":45},"4":{"name":"(anonymous_4)","decl":{"start":{"line":49,"column":18},"end":{"line":49,"column":19}},"loc":{"start":{"line":49,"column":32},"end":{"line":51,"column":11}},"line":49},"5":{"name":"(anonymous_5)","decl":{"start":{"line":56,"column":30},"end":{"line":56,"column":31}},"loc":{"start":{"line":56,"column":36},"end":{"line":58,"column":7}},"line":56},"6":{"name":"(anonymous_6)","decl":{"start":{"line":60,"column":29},"end":{"line":60,"column":30}},"loc":{"start":{"line":60,"column":35},"end":{"line":62,"column":7}},"line":60},"7":{"name":"(anonymous_7)","decl":{"start":{"line":67,"column":13},"end":{"line":67,"column":14}},"loc":{"start":{"line":67,"column":19},"end":{"line":70,"column":7}},"line":67},"8":{"name":"(anonymous_8)","decl":{"start":{"line":101,"column":16},"end":{"line":101,"column":17}},"loc":{"start":{"line":101,"column":20},"end":{"line":104,"column":17}},"line":101},"9":{"name":"(anonymous_9)","decl":{"start":{"line":122,"column":16},"end":{"line":122,"column":17}},"loc":{"start":{"line":122,"column":23},"end":{"line":129,"column":17}},"line":122}},"branchMap":{"0":{"loc":{"start":{"line":23,"column":4},"end":{"line":24,"column":78}},"type":"binary-expr","locations":[{"start":{"line":23,"column":5},"end":{"line":23,"column":28}},{"start":{"line":24,"column":5},"end":{"line":24,"column":77}}],"line":23},"1":{"loc":{"start":{"line":80,"column":10},"end":{"line":109,"column":31}},"type":"cond-expr","locations":[{"start":{"line":81,"column":10},"end":{"line":107,"column":13}},{"start":{"line":109,"column":10},"end":{"line":109,"column":31}}],"line":80},"2":{"loc":{"start":{"line":89,"column":16},"end":{"line":92,"column":55}},"type":"cond-expr","locations":[{"start":{"line":90,"column":18},"end":{"line":90,"column":54}},{"start":{"line":92,"column":18},"end":{"line":92,"column":55}}],"line":89},"3":{"loc":{"start":{"line":95,"column":16},"end":{"line":98,"column":24}},"type":"cond-expr","locations":[{"start":{"line":96,"column":18},"end":{"line":96,"column":23}},{"start":{"line":98,"column":18},"end":{"line":98,"column":24}}],"line":95},"4":{"loc":{"start":{"line":116,"column":10},"end":{"line":159,"column":36}},"type":"cond-expr","locations":[{"start":{"line":117,"column":10},"end":{"line":157,"column":13}},{"start":{"line":159,"column":10},"end":{"line":159,"column":36}}],"line":116}},"s":{"0":1,"1":0,"2":0,"3":0,"4":0,"5":0,"6":0,"7":0,"8":0,"9":0,"10":0,"11":0,"12":0,"13":0,"14":0,"15":0,"16":0,"17":0,"18":0,"19":0,"20":0,"21":0,"22":0,"23":0,"24":0,"25":0,"26":0,"27":0,"28":0,"29":0,"30":0,"31":0,"32":0},"f":{"0":0,"1":0,"2":0,"3":0,"4":0,"5":0,"6":0,"7":0,"8":0,"9":0},"b":{"0":[0,0],"1":[0,0],"2":[0,0],"3":[0,0],"4":[0,0]},"_coverageSchema":"1a1c01bbd47fc00a2c39e90264f33305004495a9","hash":"fd8f38da490b7b7e0e1cd94d958cb385f5b083fb"}
,"/Users/terrencekoo/fec/client/src/components/Prodlists/ComparisonModal.jsx": {"path":"/Users/terrencekoo/fec/client/src/components/Prodlists/ComparisonModal.jsx","statementMap":{"0":{"start":{"line":7,"column":24},"end":{"line":118,"column":1}},"1":{"start":{"line":14,"column":46},"end":{"line":14,"column":58}},"2":{"start":{"line":15,"column":52},"end":{"line":15,"column":64}},"3":{"start":{"line":16,"column":54},"end":{"line":16,"column":66}},"4":{"start":{"line":19,"column":2},"end":{"line":53,"column":3}},"5":{"start":{"line":21,"column":6},"end":{"line":50,"column":10}},"6":{"start":{"line":28,"column":10},"end":{"line":28,"column":44}},"7":{"start":{"line":29,"column":10},"end":{"line":29,"column":47}},"8":{"start":{"line":30,"column":30},"end":{"line":30,"column":32}},"9":{"start":{"line":32,"column":10},"end":{"line":37,"column":12}},"10":{"start":{"line":33,"column":12},"end":{"line":36,"column":13}},"11":{"start":{"line":39,"column":10},"end":{"line":48,"column":12}},"12":{"start":{"line":40,"column":12},"end":{"line":47,"column":13}},"13":{"start":{"line":41,"column":14},"end":{"line":41,"column":90}},"14":{"start":{"line":43,"column":14},"end":{"line":46,"column":15}},"15":{"start":{"line":49,"column":10},"end":{"line":49,"column":46}},"16":{"start":{"line":55,"column":2},"end":{"line":117,"column":3}},"17":{"start":{"line":61,"column":10},"end":{"line":61,"column":31}},"18":{"start":{"line":75,"column":16},"end":{"line":75,"column":37}},"19":{"start":{"line":98,"column":24},"end":{"line":104,"column":25}}},"fnMap":{"0":{"name":"(anonymous_0)","decl":{"start":{"line":7,"column":24},"end":{"line":7,"column":25}},"loc":{"start":{"line":12,"column":6},"end":{"line":118,"column":1}},"line":12},"1":{"name":"(anonymous_1)","decl":{"start":{"line":20,"column":4},"end":{"line":20,"column":5}},"loc":{"start":{"line":20,"column":10},"end":{"line":51,"column":5}},"line":20},"2":{"name":"(anonymous_2)","decl":{"start":{"line":27,"column":14},"end":{"line":27,"column":15}},"loc":{"start":{"line":27,"column":27},"end":{"line":50,"column":9}},"line":27},"3":{"name":"(anonymous_3)","decl":{"start":{"line":32,"column":43},"end":{"line":32,"column":44}},"loc":{"start":{"line":32,"column":63},"end":{"line":37,"column":11}},"line":32},"4":{"name":"(anonymous_4)","decl":{"start":{"line":39,"column":43},"end":{"line":39,"column":44}},"loc":{"start":{"line":39,"column":63},"end":{"line":48,"column":11}},"line":39},"5":{"name":"(anonymous_5)","decl":{"start":{"line":60,"column":8},"end":{"line":60,"column":9}},"loc":{"start":{"line":60,"column":12},"end":{"line":62,"column":9}},"line":60},"6":{"name":"(anonymous_6)","decl":{"start":{"line":74,"column":14},"end":{"line":74,"column":15}},"loc":{"start":{"line":74,"column":18},"end":{"line":76,"column":15}},"line":74},"7":{"name":"(anonymous_7)","decl":{"start":{"line":97,"column":58},"end":{"line":97,"column":59}},"loc":{"start":{"line":97,"column":71},"end":{"line":105,"column":23}},"line":97}},"branchMap":{"0":{"loc":{"start":{"line":40,"column":12},"end":{"line":47,"column":13}},"type":"if","locations":[{"start":{"line":40,"column":12},"end":{"line":47,"column":13}},{"start":{"line":42,"column":17},"end":{"line":47,"column":13}}],"line":40},"1":{"loc":{"start":{"line":85,"column":14},"end":{"line":111,"column":41}},"type":"cond-expr","locations":[{"start":{"line":86,"column":14},"end":{"line":109,"column":17}},{"start":{"line":111,"column":14},"end":{"line":111,"column":41}}],"line":85}},"s":{"0":1,"1":0,"2":0,"3":0,"4":0,"5":0,"6":0,"7":0,"8":0,"9":0,"10":0,"11":0,"12":0,"13":0,"14":0,"15":0,"16":0,"17":0,"18":0,"19":0},"f":{"0":0,"1":0,"2":0,"3":0,"4":0,"5":0,"6":0,"7":0},"b":{"0":[0,0],"1":[0,0]},"_coverageSchema":"1a1c01bbd47fc00a2c39e90264f33305004495a9","hash":"bc493c3e7383a4754939b714c75666e268be5158"}
,"/Users/terrencekoo/fec/client/src/components/Prodlists/OutfitList.jsx": {"path":"/Users/terrencekoo/fec/client/src/components/Prodlists/OutfitList.jsx","statementMap":{"0":{"start":{"line":8,"column":19},"end":{"line":154,"column":1}},"1":{"start":{"line":9,"column":39},"end":{"line":12,"column":4}},"2":{"start":{"line":13,"column":26},"end":{"line":13,"column":37}},"3":{"start":{"line":15,"column":40},"end":{"line":15,"column":55}},"4":{"start":{"line":16,"column":44},"end":{"line":16,"column":65}},"5":{"start":{"line":17,"column":50},"end":{"line":17,"column":64}},"6":{"start":{"line":18,"column":44},"end":{"line":18,"column":70}},"7":{"start":{"line":20,"column":21},"end":{"line":31,"column":3}},"8":{"start":{"line":21,"column":4},"end":{"line":23,"column":5}},"9":{"start":{"line":22,"column":6},"end":{"line":22,"column":16}},"10":{"start":{"line":24,"column":16},"end":{"line":24,"column":66}},"11":{"start":{"line":25,"column":4},"end":{"line":25,"column":21}},"12":{"start":{"line":26,"column":4},"end":{"line":26,"column":20}},"13":{"start":{"line":27,"column":4},"end":{"line":30,"column":6}},"14":{"start":{"line":33,"column":2},"end":{"line":58,"column":3}},"15":{"start":{"line":35,"column":6},"end":{"line":37,"column":7}},"16":{"start":{"line":36,"column":8},"end":{"line":36,"column":54}},"17":{"start":{"line":39,"column":31},"end":{"line":46,"column":7}},"18":{"start":{"line":40,"column":8},"end":{"line":40,"column":25}},"19":{"start":{"line":41,"column":20},"end":{"line":41,"column":100}},"20":{"start":{"line":42,"column":8},"end":{"line":45,"column":10}},"21":{"start":{"line":48,"column":6},"end":{"line":48,"column":25}},"22":{"start":{"line":50,"column":6},"end":{"line":50,"column":58}},"23":{"start":{"line":52,"column":6},"end":{"line":54,"column":7}},"24":{"start":{"line":53,"column":8},"end":{"line":53,"column":63}},"25":{"start":{"line":60,"column":2},"end":{"line":153,"column":3}},"26":{"start":{"line":80,"column":16},"end":{"line":80,"column":50}},"27":{"start":{"line":81,"column":16},"end":{"line":81,"column":36}},"28":{"start":{"line":96,"column":36},"end":{"line":96,"column":84}},"29":{"start":{"line":97,"column":22},"end":{"line":102,"column":23}},"30":{"start":{"line":98,"column":24},"end":{"line":98,"column":51}},"31":{"start":{"line":100,"column":24},"end":{"line":100,"column":91}},"32":{"start":{"line":101,"column":24},"end":{"line":101,"column":66}},"33":{"start":{"line":109,"column":16},"end":{"line":134,"column":17}},"34":{"start":{"line":115,"column":38},"end":{"line":115,"column":86}},"35":{"start":{"line":116,"column":36},"end":{"line":116,"column":68}},"36":{"start":{"line":118,"column":24},"end":{"line":120,"column":25}},"37":{"start":{"line":119,"column":26},"end":{"line":119,"column":50}},"38":{"start":{"line":122,"column":24},"end":{"line":122,"column":87}},"39":{"start":{"line":123,"column":24},"end":{"line":123,"column":66}},"40":{"start":{"line":124,"column":24},"end":{"line":124,"column":88}},"41":{"start":{"line":142,"column":16},"end":{"line":142,"column":51}},"42":{"start":{"line":143,"column":16},"end":{"line":143,"column":37}}},"fnMap":{"0":{"name":"(anonymous_0)","decl":{"start":{"line":8,"column":19},"end":{"line":8,"column":20}},"loc":{"start":{"line":8,"column":34},"end":{"line":154,"column":1}},"line":8},"1":{"name":"(anonymous_1)","decl":{"start":{"line":20,"column":21},"end":{"line":20,"column":22}},"loc":{"start":{"line":20,"column":33},"end":{"line":31,"column":3}},"line":20},"2":{"name":"(anonymous_2)","decl":{"start":{"line":34,"column":4},"end":{"line":34,"column":5}},"loc":{"start":{"line":34,"column":10},"end":{"line":56,"column":5}},"line":34},"3":{"name":"(anonymous_3)","decl":{"start":{"line":39,"column":31},"end":{"line":39,"column":32}},"loc":{"start":{"line":39,"column":37},"end":{"line":46,"column":7}},"line":39},"4":{"name":"(anonymous_4)","decl":{"start":{"line":52,"column":13},"end":{"line":52,"column":14}},"loc":{"start":{"line":52,"column":19},"end":{"line":54,"column":7}},"line":52},"5":{"name":"(anonymous_5)","decl":{"start":{"line":79,"column":14},"end":{"line":79,"column":15}},"loc":{"start":{"line":79,"column":18},"end":{"line":82,"column":15}},"line":79},"6":{"name":"(anonymous_6)","decl":{"start":{"line":95,"column":20},"end":{"line":95,"column":21}},"loc":{"start":{"line":95,"column":24},"end":{"line":103,"column":21}},"line":95},"7":{"name":"(anonymous_7)","decl":{"start":{"line":108,"column":34},"end":{"line":108,"column":35}},"loc":{"start":{"line":108,"column":55},"end":{"line":135,"column":15}},"line":108},"8":{"name":"(anonymous_8)","decl":{"start":{"line":114,"column":22},"end":{"line":114,"column":23}},"loc":{"start":{"line":114,"column":28},"end":{"line":125,"column":23}},"line":114},"9":{"name":"(anonymous_9)","decl":{"start":{"line":141,"column":14},"end":{"line":141,"column":15}},"loc":{"start":{"line":141,"column":18},"end":{"line":144,"column":15}},"line":141}},"branchMap":{"0":{"loc":{"start":{"line":21,"column":4},"end":{"line":23,"column":5}},"type":"if","locations":[{"start":{"line":21,"column":4},"end":{"line":23,"column":5}},{"start":{},"end":{}}],"line":21},"1":{"loc":{"start":{"line":24,"column":16},"end":{"line":24,"column":66}},"type":"cond-expr","locations":[{"start":{"line":24,"column":62},"end":{"line":24,"column":63}},{"start":{"line":24,"column":65},"end":{"line":24,"column":66}}],"line":24},"2":{"loc":{"start":{"line":35,"column":6},"end":{"line":37,"column":7}},"type":"if","locations":[{"start":{"line":35,"column":6},"end":{"line":37,"column":7}},{"start":{},"end":{}}],"line":35},"3":{"loc":{"start":{"line":41,"column":20},"end":{"line":41,"column":100}},"type":"cond-expr","locations":[{"start":{"line":41,"column":96},"end":{"line":41,"column":97}},{"start":{"line":41,"column":99},"end":{"line":41,"column":100}}],"line":41},"4":{"loc":{"start":{"line":65,"column":10},"end":{"line":73,"column":16}},"type":"cond-expr","locations":[{"start":{"line":66,"column":12},"end":{"line":71,"column":14}},{"start":{"line":73,"column":12},"end":{"line":73,"column":16}}],"line":65},"5":{"loc":{"start":{"line":90,"column":14},"end":{"line":105,"column":18}},"type":"cond-expr","locations":[{"start":{"line":91,"column":16},"end":{"line":91,"column":20}},{"start":{"line":93,"column":16},"end":{"line":105,"column":18}}],"line":90},"6":{"loc":{"start":{"line":97,"column":22},"end":{"line":102,"column":23}},"type":"if","locations":[{"start":{"line":97,"column":22},"end":{"line":102,"column":23}},{"start":{},"end":{}}],"line":97},"7":{"loc":{"start":{"line":118,"column":24},"end":{"line":120,"column":25}},"type":"if","locations":[{"start":{"line":118,"column":24},"end":{"line":120,"column":25}},{"start":{},"end":{}}],"line":118},"8":{"loc":{"start":{"line":146,"column":22},"end":{"line":146,"column":127}},"type":"binary-expr","locations":[{"start":{"line":146,"column":22},"end":{"line":146,"column":95}},{"start":{"line":146,"column":99},"end":{"line":146,"column":127}}],"line":146}},"s":{"0":1,"1":0,"2":0,"3":0,"4":0,"5":0,"6":0,"7":0,"8":0,"9":0,"10":0,"11":0,"12":0,"13":0,"14":0,"15":0,"16":0,"17":0,"18":0,"19":0,"20":0,"21":0,"22":0,"23":0,"24":0,"25":0,"26":0,"27":0,"28":0,"29":0,"30":0,"31":0,"32":0,"33":0,"34":0,"35":0,"36":0,"37":0,"38":0,"39":0,"40":0,"41":0,"42":0},"f":{"0":0,"1":0,"2":0,"3":0,"4":0,"5":0,"6":0,"7":0,"8":0,"9":0},"b":{"0":[0,0],"1":[0,0],"2":[0,0],"3":[0,0],"4":[0,0],"5":[0,0],"6":[0,0],"7":[0,0],"8":[0,0]},"_coverageSchema":"1a1c01bbd47fc00a2c39e90264f33305004495a9","hash":"807423a3ff6e1dc9fee9a60b3b1abf2aec8c2bdc"}
,"/Users/terrencekoo/fec/client/src/components/Prodlists/RelatedList.jsx": {"path":"/Users/terrencekoo/fec/client/src/components/Prodlists/RelatedList.jsx","statementMap":{"0":{"start":{"line":15,"column":20},"end":{"line":134,"column":1}},"1":{"start":{"line":17,"column":39},"end":{"line":20,"column":4}},"2":{"start":{"line":21,"column":26},"end":{"line":21,"column":37}},"3":{"start":{"line":22,"column":40},"end":{"line":22,"column":55}},"4":{"start":{"line":23,"column":44},"end":{"line":23,"column":65}},"5":{"start":{"line":24,"column":50},"end":{"line":24,"column":64}},"6":{"start":{"line":25,"column":44},"end":{"line":25,"column":70}},"7":{"start":{"line":26,"column":2},"end":{"line":40,"column":3}},"8":{"start":{"line":28,"column":6},"end":{"line":37,"column":7}},"9":{"start":{"line":29,"column":8},"end":{"line":36,"column":10}},"10":{"start":{"line":31,"column":10},"end":{"line":31,"column":34}},"11":{"start":{"line":32,"column":10},"end":{"line":35,"column":13}},"12":{"start":{"line":42,"column":21},"end":{"line":51,"column":3}},"13":{"start":{"line":43,"column":4},"end":{"line":45,"column":5}},"14":{"start":{"line":44,"column":6},"end":{"line":44,"column":16}},"15":{"start":{"line":46,"column":4},"end":{"line":46,"column":20}},"16":{"start":{"line":47,"column":4},"end":{"line":50,"column":6}},"17":{"start":{"line":54,"column":2},"end":{"line":133,"column":3}},"18":{"start":{"line":77,"column":16},"end":{"line":77,"column":50}},"19":{"start":{"line":78,"column":16},"end":{"line":78,"column":36}},"20":{"start":{"line":88,"column":16},"end":{"line":114,"column":17}},"21":{"start":{"line":96,"column":38},"end":{"line":96,"column":86}},"22":{"start":{"line":97,"column":36},"end":{"line":97,"column":69}},"23":{"start":{"line":98,"column":24},"end":{"line":102,"column":25}},"24":{"start":{"line":99,"column":26},"end":{"line":99,"column":50}},"25":{"start":{"line":101,"column":26},"end":{"line":101,"column":59}},"26":{"start":{"line":104,"column":24},"end":{"line":104,"column":91}},"27":{"start":{"line":105,"column":24},"end":{"line":105,"column":66}},"28":{"start":{"line":122,"column":16},"end":{"line":122,"column":51}},"29":{"start":{"line":123,"column":16},"end":{"line":123,"column":36}}},"fnMap":{"0":{"name":"(anonymous_0)","decl":{"start":{"line":15,"column":20},"end":{"line":15,"column":21}},"loc":{"start":{"line":15,"column":35},"end":{"line":134,"column":1}},"line":15},"1":{"name":"(anonymous_1)","decl":{"start":{"line":27,"column":4},"end":{"line":27,"column":5}},"loc":{"start":{"line":27,"column":10},"end":{"line":38,"column":5}},"line":27},"2":{"name":"(anonymous_2)","decl":{"start":{"line":30,"column":14},"end":{"line":30,"column":15}},"loc":{"start":{"line":30,"column":26},"end":{"line":36,"column":9}},"line":30},"3":{"name":"(anonymous_3)","decl":{"start":{"line":42,"column":21},"end":{"line":42,"column":22}},"loc":{"start":{"line":42,"column":33},"end":{"line":51,"column":3}},"line":42},"4":{"name":"(anonymous_4)","decl":{"start":{"line":76,"column":14},"end":{"line":76,"column":15}},"loc":{"start":{"line":76,"column":18},"end":{"line":79,"column":15}},"line":76},"5":{"name":"(anonymous_5)","decl":{"start":{"line":87,"column":34},"end":{"line":87,"column":35}},"loc":{"start":{"line":87,"column":56},"end":{"line":115,"column":15}},"line":87},"6":{"name":"(anonymous_6)","decl":{"start":{"line":95,"column":22},"end":{"line":95,"column":23}},"loc":{"start":{"line":95,"column":28},"end":{"line":107,"column":23}},"line":95},"7":{"name":"(anonymous_7)","decl":{"start":{"line":121,"column":14},"end":{"line":121,"column":15}},"loc":{"start":{"line":121,"column":18},"end":{"line":124,"column":15}},"line":121}},"branchMap":{"0":{"loc":{"start":{"line":28,"column":6},"end":{"line":37,"column":7}},"type":"if","locations":[{"start":{"line":28,"column":6},"end":{"line":37,"column":7}},{"start":{},"end":{}}],"line":28},"1":{"loc":{"start":{"line":43,"column":4},"end":{"line":45,"column":5}},"type":"if","locations":[{"start":{"line":43,"column":4},"end":{"line":45,"column":5}},{"start":{},"end":{}}],"line":43},"2":{"loc":{"start":{"line":60,"column":10},"end":{"line":68,"column":16}},"type":"cond-expr","locations":[{"start":{"line":61,"column":12},"end":{"line":66,"column":14}},{"start":{"line":68,"column":12},"end":{"line":68,"column":16}}],"line":60},"3":{"loc":{"start":{"line":98,"column":24},"end":{"line":102,"column":25}},"type":"if","locations":[{"start":{"line":98,"column":24},"end":{"line":102,"column":25}},{"start":{"line":100,"column":29},"end":{"line":102,"column":25}}],"line":98}},"s":{"0":1,"1":0,"2":0,"3":0,"4":0,"5":0,"6":0,"7":0,"8":0,"9":0,"10":0,"11":0,"12":0,"13":0,"14":0,"15":0,"16":0,"17":0,"18":0,"19":0,"20":0,"21":0,"22":0,"23":0,"24":0,"25":0,"26":0,"27":0,"28":0,"29":0},"f":{"0":0,"1":0,"2":0,"3":0,"4":0,"5":0,"6":0,"7":0},"b":{"0":[0,0],"1":[0,0],"2":[0,0],"3":[0,0]},"_coverageSchema":"1a1c01bbd47fc00a2c39e90264f33305004495a9","hash":"df61a9715e82accb7c612035cc5402098371eaa3"}
,"/Users/terrencekoo/fec/client/src/components/Prodlists/index.js": {"path":"/Users/terrencekoo/fec/client/src/components/Prodlists/index.js","statementMap":{},"fnMap":{},"branchMap":{},"s":{},"f":{},"b":{},"_coverageSchema":"1a1c01bbd47fc00a2c39e90264f33305004495a9","hash":"712643647de9ba0d8a5e761de6b37e54a8b01900"}
,"/Users/terrencekoo/fec/client/src/components/Questions/AddAnswer.jsx": {"path":"/Users/terrencekoo/fec/client/src/components/Questions/AddAnswer.jsx","statementMap":{"0":{"start":{"line":4,"column":22},"end":{"line":13,"column":1}},"1":{"start":{"line":15,"column":23},"end":{"line":23,"column":1}},"2":{"start":{"line":25,"column":18},"end":{"line":144,"column":1}},"3":{"start":{"line":26,"column":38},"end":{"line":26,"column":50}},"4":{"start":{"line":27,"column":46},"end":{"line":27,"column":58}},"5":{"start":{"line":28,"column":40},"end":{"line":28,"column":52}},"6":{"start":{"line":29,"column":42},"end":{"line":29,"column":54}},"7":{"start":{"line":30,"column":38},"end":{"line":30,"column":50}},"8":{"start":{"line":32,"column":2},"end":{"line":34,"column":3}},"9":{"start":{"line":33,"column":4},"end":{"line":33,"column":15}},"10":{"start":{"line":35,"column":23},"end":{"line":47,"column":3}},"11":{"start":{"line":36,"column":4},"end":{"line":36,"column":23}},"12":{"start":{"line":37,"column":18},"end":{"line":42,"column":5}},"13":{"start":{"line":43,"column":4},"end":{"line":45,"column":38}},"14":{"start":{"line":44,"column":19},"end":{"line":44,"column":35}},"15":{"start":{"line":45,"column":20},"end":{"line":45,"column":36}},"16":{"start":{"line":46,"column":4},"end":{"line":46,"column":46}},"17":{"start":{"line":49,"column":23},"end":{"line":53,"column":3}},"18":{"start":{"line":50,"column":4},"end":{"line":50,"column":23}},"19":{"start":{"line":51,"column":25},"end":{"line":51,"column":72}},"20":{"start":{"line":52,"column":4},"end":{"line":52,"column":28}},"21":{"start":{"line":55,"column":20},"end":{"line":65,"column":3}},"22":{"start":{"line":56,"column":17},"end":{"line":56,"column":33}},"23":{"start":{"line":57,"column":4},"end":{"line":57,"column":31}},"24":{"start":{"line":58,"column":4},"end":{"line":61,"column":6}},"25":{"start":{"line":59,"column":6},"end":{"line":60,"column":28}},"26":{"start":{"line":62,"column":4},"end":{"line":64,"column":6}},"27":{"start":{"line":63,"column":6},"end":{"line":63,"column":36}},"28":{"start":{"line":67,"column":20},"end":{"line":78,"column":3}},"29":{"start":{"line":68,"column":15},"end":{"line":68,"column":29}},"30":{"start":{"line":69,"column":4},"end":{"line":69,"column":36}},"31":{"start":{"line":70,"column":4},"end":{"line":77,"column":37}},"32":{"start":{"line":72,"column":23},"end":{"line":72,"column":37}},"33":{"start":{"line":73,"column":6},"end":{"line":73,"column":23}},"34":{"start":{"line":74,"column":6},"end":{"line":74,"column":41}},"35":{"start":{"line":75,"column":6},"end":{"line":75,"column":34}},"36":{"start":{"line":77,"column":20},"end":{"line":77,"column":36}},"37":{"start":{"line":80,"column":2},"end":{"line":143,"column":4}},"38":{"start":{"line":83,"column":52},"end":{"line":83,"column":71}},"39":{"start":{"line":98,"column":36},"end":{"line":98,"column":65}},"40":{"start":{"line":109,"column":36},"end":{"line":109,"column":69}},"41":{"start":{"line":120,"column":36},"end":{"line":120,"column":66}},"42":{"start":{"line":133,"column":14},"end":{"line":133,"column":94}}},"fnMap":{"0":{"name":"(anonymous_0)","decl":{"start":{"line":25,"column":18},"end":{"line":25,"column":19}},"loc":{"start":{"line":25,"column":71},"end":{"line":144,"column":1}},"line":25},"1":{"name":"(anonymous_1)","decl":{"start":{"line":35,"column":23},"end":{"line":35,"column":24}},"loc":{"start":{"line":35,"column":30},"end":{"line":47,"column":3}},"line":35},"2":{"name":"(anonymous_2)","decl":{"start":{"line":44,"column":10},"end":{"line":44,"column":11}},"loc":{"start":{"line":44,"column":19},"end":{"line":44,"column":35}},"line":44},"3":{"name":"(anonymous_3)","decl":{"start":{"line":45,"column":11},"end":{"line":45,"column":12}},"loc":{"start":{"line":45,"column":20},"end":{"line":45,"column":36}},"line":45},"4":{"name":"(anonymous_4)","decl":{"start":{"line":49,"column":23},"end":{"line":49,"column":24}},"loc":{"start":{"line":49,"column":30},"end":{"line":53,"column":3}},"line":49},"5":{"name":"(anonymous_5)","decl":{"start":{"line":55,"column":20},"end":{"line":55,"column":21}},"loc":{"start":{"line":55,"column":30},"end":{"line":65,"column":3}},"line":55},"6":{"name":"(anonymous_6)","decl":{"start":{"line":58,"column":20},"end":{"line":58,"column":21}},"loc":{"start":{"line":58,"column":32},"end":{"line":61,"column":5}},"line":58},"7":{"name":"(anonymous_7)","decl":{"start":{"line":62,"column":21},"end":{"line":62,"column":22}},"loc":{"start":{"line":62,"column":38},"end":{"line":64,"column":5}},"line":62},"8":{"name":"(anonymous_8)","decl":{"start":{"line":67,"column":20},"end":{"line":67,"column":21}},"loc":{"start":{"line":67,"column":35},"end":{"line":78,"column":3}},"line":67},"9":{"name":"(anonymous_9)","decl":{"start":{"line":71,"column":10},"end":{"line":71,"column":11}},"loc":{"start":{"line":71,"column":19},"end":{"line":76,"column":5}},"line":71},"10":{"name":"(anonymous_10)","decl":{"start":{"line":77,"column":11},"end":{"line":77,"column":12}},"loc":{"start":{"line":77,"column":20},"end":{"line":77,"column":36}},"line":77},"11":{"name":"(anonymous_11)","decl":{"start":{"line":83,"column":47},"end":{"line":83,"column":48}},"loc":{"start":{"line":83,"column":52},"end":{"line":83,"column":71}},"line":83},"12":{"name":"(anonymous_12)","decl":{"start":{"line":98,"column":29},"end":{"line":98,"column":30}},"loc":{"start":{"line":98,"column":36},"end":{"line":98,"column":65}},"line":98},"13":{"name":"(anonymous_13)","decl":{"start":{"line":109,"column":29},"end":{"line":109,"column":30}},"loc":{"start":{"line":109,"column":36},"end":{"line":109,"column":69}},"line":109},"14":{"name":"(anonymous_14)","decl":{"start":{"line":120,"column":29},"end":{"line":120,"column":30}},"loc":{"start":{"line":120,"column":36},"end":{"line":120,"column":66}},"line":120},"15":{"name":"(anonymous_15)","decl":{"start":{"line":132,"column":28},"end":{"line":132,"column":29}},"loc":{"start":{"line":133,"column":14},"end":{"line":133,"column":94}},"line":133}},"branchMap":{"0":{"loc":{"start":{"line":32,"column":2},"end":{"line":34,"column":3}},"type":"if","locations":[{"start":{"line":32,"column":2},"end":{"line":34,"column":3}},{"start":{},"end":{}}],"line":32},"1":{"loc":{"start":{"line":125,"column":9},"end":{"line":130,"column":55}},"type":"cond-expr","locations":[{"start":{"line":126,"column":16},"end":{"line":130,"column":48}},{"start":{"line":130,"column":51},"end":{"line":130,"column":55}}],"line":125}},"s":{"0":1,"1":1,"2":1,"3":0,"4":0,"5":0,"6":0,"7":0,"8":0,"9":0,"10":0,"11":0,"12":0,"13":0,"14":0,"15":0,"16":0,"17":0,"18":0,"19":0,"20":0,"21":0,"22":0,"23":0,"24":0,"25":0,"26":0,"27":0,"28":0,"29":0,"30":0,"31":0,"32":0,"33":0,"34":0,"35":0,"36":0,"37":0,"38":0,"39":0,"40":0,"41":0,"42":0},"f":{"0":0,"1":0,"2":0,"3":0,"4":0,"5":0,"6":0,"7":0,"8":0,"9":0,"10":0,"11":0,"12":0,"13":0,"14":0,"15":0},"b":{"0":[0,0],"1":[0,0]},"_coverageSchema":"1a1c01bbd47fc00a2c39e90264f33305004495a9","hash":"3ea0b2127ad9e8b4e5c8904e3cb8e17af8129638"}
,"/Users/terrencekoo/fec/client/src/components/Questions/AddQuestion.jsx": {"path":"/Users/terrencekoo/fec/client/src/components/Questions/AddQuestion.jsx","statementMap":{"0":{"start":{"line":4,"column":24},"end":{"line":14,"column":1}},"1":{"start":{"line":16,"column":23},"end":{"line":24,"column":1}},"2":{"start":{"line":26,"column":20},"end":{"line":102,"column":1}},"3":{"start":{"line":27,"column":42},"end":{"line":27,"column":54}},"4":{"start":{"line":28,"column":50},"end":{"line":28,"column":62}},"5":{"start":{"line":29,"column":44},"end":{"line":29,"column":56}},"6":{"start":{"line":30,"column":44},"end":{"line":30,"column":56}},"7":{"start":{"line":32,"column":2},"end":{"line":34,"column":3}},"8":{"start":{"line":33,"column":4},"end":{"line":33,"column":15}},"9":{"start":{"line":36,"column":25},"end":{"line":48,"column":3}},"10":{"start":{"line":37,"column":4},"end":{"line":37,"column":23}},"11":{"start":{"line":38,"column":18},"end":{"line":43,"column":5}},"12":{"start":{"line":44,"column":4},"end":{"line":46,"column":38}},"13":{"start":{"line":45,"column":19},"end":{"line":45,"column":35}},"14":{"start":{"line":46,"column":20},"end":{"line":46,"column":36}},"15":{"start":{"line":47,"column":4},"end":{"line":47,"column":46}},"16":{"start":{"line":50,"column":2},"end":{"line":101,"column":4}},"17":{"start":{"line":53,"column":54},"end":{"line":53,"column":73}},"18":{"start":{"line":69,"column":36},"end":{"line":69,"column":67}},"19":{"start":{"line":80,"column":36},"end":{"line":80,"column":71}},"20":{"start":{"line":91,"column":36},"end":{"line":91,"column":68}}},"fnMap":{"0":{"name":"(anonymous_0)","decl":{"start":{"line":26,"column":20},"end":{"line":26,"column":21}},"loc":{"start":{"line":26,"column":69},"end":{"line":102,"column":1}},"line":26},"1":{"name":"(anonymous_1)","decl":{"start":{"line":36,"column":25},"end":{"line":36,"column":26}},"loc":{"start":{"line":36,"column":32},"end":{"line":48,"column":3}},"line":36},"2":{"name":"(anonymous_2)","decl":{"start":{"line":45,"column":10},"end":{"line":45,"column":11}},"loc":{"start":{"line":45,"column":19},"end":{"line":45,"column":35}},"line":45},"3":{"name":"(anonymous_3)","decl":{"start":{"line":46,"column":11},"end":{"line":46,"column":12}},"loc":{"start":{"line":46,"column":20},"end":{"line":46,"column":36}},"line":46},"4":{"name":"(anonymous_4)","decl":{"start":{"line":53,"column":49},"end":{"line":53,"column":50}},"loc":{"start":{"line":53,"column":54},"end":{"line":53,"column":73}},"line":53},"5":{"name":"(anonymous_5)","decl":{"start":{"line":69,"column":29},"end":{"line":69,"column":30}},"loc":{"start":{"line":69,"column":36},"end":{"line":69,"column":67}},"line":69},"6":{"name":"(anonymous_6)","decl":{"start":{"line":80,"column":29},"end":{"line":80,"column":30}},"loc":{"start":{"line":80,"column":36},"end":{"line":80,"column":71}},"line":80},"7":{"name":"(anonymous_7)","decl":{"start":{"line":91,"column":29},"end":{"line":91,"column":30}},"loc":{"start":{"line":91,"column":36},"end":{"line":91,"column":68}},"line":91}},"branchMap":{"0":{"loc":{"start":{"line":32,"column":2},"end":{"line":34,"column":3}},"type":"if","locations":[{"start":{"line":32,"column":2},"end":{"line":34,"column":3}},{"start":{},"end":{}}],"line":32}},"s":{"0":1,"1":1,"2":1,"3":0,"4":0,"5":0,"6":0,"7":0,"8":0,"9":0,"10":0,"11":0,"12":0,"13":0,"14":0,"15":0,"16":0,"17":0,"18":0,"19":0,"20":0},"f":{"0":0,"1":0,"2":0,"3":0,"4":0,"5":0,"6":0,"7":0},"b":{"0":[0,0]},"_coverageSchema":"1a1c01bbd47fc00a2c39e90264f33305004495a9","hash":"3135c68c18af337b0ec40a0c53a9fb61a689947e"}
,"/Users/terrencekoo/fec/client/src/components/Questions/AnswerComponent.jsx": {"path":"/Users/terrencekoo/fec/client/src/components/Questions/AnswerComponent.jsx","statementMap":{"0":{"start":{"line":7,"column":24},"end":{"line":39,"column":2}},"1":{"start":{"line":8,"column":52},"end":{"line":8,"column":66}},"2":{"start":{"line":9,"column":50},"end":{"line":9,"column":64}},"3":{"start":{"line":11,"column":30},"end":{"line":16,"column":3}},"4":{"start":{"line":12,"column":4},"end":{"line":12,"column":23}},"5":{"start":{"line":13,"column":4},"end":{"line":15,"column":36}},"6":{"start":{"line":14,"column":17},"end":{"line":14,"column":21}},"7":{"start":{"line":15,"column":18},"end":{"line":15,"column":34}},"8":{"start":{"line":18,"column":29},"end":{"line":23,"column":3}},"9":{"start":{"line":19,"column":4},"end":{"line":19,"column":23}},"10":{"start":{"line":20,"column":4},"end":{"line":22,"column":36}},"11":{"start":{"line":21,"column":17},"end":{"line":21,"column":21}},"12":{"start":{"line":22,"column":18},"end":{"line":22,"column":34}},"13":{"start":{"line":25,"column":2},"end":{"line":39,"column":1}},"14":{"start":{"line":33,"column":108},"end":{"line":33,"column":131}},"15":{"start":{"line":33,"column":132},"end":{"line":33,"column":159}},"16":{"start":{"line":35,"column":76},"end":{"line":35,"column":98}},"17":{"start":{"line":35,"column":99},"end":{"line":35,"column":125}}},"fnMap":{"0":{"name":"(anonymous_0)","decl":{"start":{"line":7,"column":24},"end":{"line":7,"column":25}},"loc":{"start":{"line":7,"column":178},"end":{"line":39,"column":2}},"line":7},"1":{"name":"(anonymous_1)","decl":{"start":{"line":11,"column":30},"end":{"line":11,"column":31}},"loc":{"start":{"line":11,"column":37},"end":{"line":16,"column":3}},"line":11},"2":{"name":"(anonymous_2)","decl":{"start":{"line":14,"column":10},"end":{"line":14,"column":11}},"loc":{"start":{"line":14,"column":17},"end":{"line":14,"column":21}},"line":14},"3":{"name":"(anonymous_3)","decl":{"start":{"line":15,"column":11},"end":{"line":15,"column":12}},"loc":{"start":{"line":15,"column":18},"end":{"line":15,"column":34}},"line":15},"4":{"name":"(anonymous_4)","decl":{"start":{"line":18,"column":29},"end":{"line":18,"column":30}},"loc":{"start":{"line":18,"column":36},"end":{"line":23,"column":3}},"line":18},"5":{"name":"(anonymous_5)","decl":{"start":{"line":21,"column":10},"end":{"line":21,"column":11}},"loc":{"start":{"line":21,"column":17},"end":{"line":21,"column":21}},"line":21},"6":{"name":"(anonymous_6)","decl":{"start":{"line":22,"column":11},"end":{"line":22,"column":12}},"loc":{"start":{"line":22,"column":18},"end":{"line":22,"column":34}},"line":22},"7":{"name":"(anonymous_7)","decl":{"start":{"line":33,"column":100},"end":{"line":33,"column":101}},"loc":{"start":{"line":33,"column":107},"end":{"line":33,"column":160}},"line":33},"8":{"name":"(anonymous_8)","decl":{"start":{"line":35,"column":68},"end":{"line":35,"column":69}},"loc":{"start":{"line":35,"column":75},"end":{"line":35,"column":126}},"line":35}},"branchMap":{"0":{"loc":{"start":{"line":28,"column":5},"end":{"line":30,"column":79}},"type":"cond-expr","locations":[{"start":{"line":29,"column":4},"end":{"line":29,"column":86}},{"start":{"line":30,"column":4},"end":{"line":30,"column":79}}],"line":28},"1":{"loc":{"start":{"line":33,"column":5},"end":{"line":34,"column":54}},"type":"cond-expr","locations":[{"start":{"line":33,"column":25},"end":{"line":33,"column":188}},{"start":{"line":34,"column":4},"end":{"line":34,"column":54}}],"line":33},"2":{"loc":{"start":{"line":35,"column":5},"end":{"line":36,"column":62}},"type":"cond-expr","locations":[{"start":{"line":35,"column":24},"end":{"line":35,"column":151}},{"start":{"line":36,"column":4},"end":{"line":36,"column":62}}],"line":35}},"s":{"0":1,"1":0,"2":0,"3":0,"4":0,"5":0,"6":0,"7":0,"8":0,"9":0,"10":0,"11":0,"12":0,"13":0,"14":0,"15":0,"16":0,"17":0},"f":{"0":0,"1":0,"2":0,"3":0,"4":0,"5":0,"6":0,"7":0,"8":0},"b":{"0":[0,0],"1":[0,0],"2":[0,0]},"_coverageSchema":"1a1c01bbd47fc00a2c39e90264f33305004495a9","hash":"6f85dda92ca9c91b1c09eb5a0e577fb7a47cdaf4"}
,"/Users/terrencekoo/fec/client/src/components/Questions/QuestionComponent.jsx": {"path":"/Users/terrencekoo/fec/client/src/components/Questions/QuestionComponent.jsx","statementMap":{"0":{"start":{"line":9,"column":26},"end":{"line":59,"column":2}},"1":{"start":{"line":10,"column":34},"end":{"line":10,"column":48}},"2":{"start":{"line":11,"column":44},"end":{"line":11,"column":59}},"3":{"start":{"line":12,"column":42},"end":{"line":12,"column":53}},"4":{"start":{"line":13,"column":56},"end":{"line":13,"column":70}},"5":{"start":{"line":14,"column":54},"end":{"line":14,"column":68}},"6":{"start":{"line":16,"column":32},"end":{"line":21,"column":3}},"7":{"start":{"line":17,"column":4},"end":{"line":17,"column":23}},"8":{"start":{"line":18,"column":4},"end":{"line":20,"column":36}},"9":{"start":{"line":19,"column":17},"end":{"line":19,"column":21}},"10":{"start":{"line":20,"column":18},"end":{"line":20,"column":34}},"11":{"start":{"line":23,"column":31},"end":{"line":28,"column":3}},"12":{"start":{"line":24,"column":4},"end":{"line":24,"column":23}},"13":{"start":{"line":25,"column":4},"end":{"line":27,"column":36}},"14":{"start":{"line":26,"column":17},"end":{"line":26,"column":21}},"15":{"start":{"line":27,"column":18},"end":{"line":27,"column":34}},"16":{"start":{"line":30,"column":2},"end":{"line":59,"column":1}},"17":{"start":{"line":36,"column":112},"end":{"line":36,"column":137}},"18":{"start":{"line":36,"column":138},"end":{"line":36,"column":167}},"19":{"start":{"line":38,"column":80},"end":{"line":38,"column":104}},"20":{"start":{"line":38,"column":105},"end":{"line":38,"column":133}},"21":{"start":{"line":43,"column":8},"end":{"line":52,"column":35}},"22":{"start":{"line":55,"column":70},"end":{"line":55,"column":89}},"23":{"start":{"line":55,"column":90},"end":{"line":55,"column":121}},"24":{"start":{"line":56,"column":43},"end":{"line":56,"column":65}},"25":{"start":{"line":57,"column":30},"end":{"line":57,"column":53}}},"fnMap":{"0":{"name":"(anonymous_0)","decl":{"start":{"line":9,"column":26},"end":{"line":9,"column":27}},"loc":{"star
[...]
:18},"end":{"line":257,"column":22}},"type":"cond-expr","locations":[{"start":{"line":248,"column":18},"end":{"line":248,"column":30}},{"start":{"line":249,"column":18},"end":{"line":257,"column":22}}],"line":247},"42":{"loc":{"start":{"line":249,"column":18},"end":{"line":257,"column":22}},"type":"cond-expr","locations":[{"start":{"line":250,"column":18},"end":{"line":250,"column":39}},{"start":{"line":251,"column":18},"end":{"line":257,"column":22}}],"line":249},"43":{"loc":{"start":{"line":251,"column":18},"end":{"line":257,"column":22}},"type":"cond-expr","locations":[{"start":{"line":252,"column":18},"end":{"line":252,"column":27}},{"start":{"line":253,"column":18},"end":{"line":257,"column":22}}],"line":251},"44":{"loc":{"start":{"line":253,"column":18},"end":{"line":257,"column":22}},"type":"cond-expr","locations":[{"start":{"line":254,"column":18},"end":{"line":254,"column":38}},{"start":{"line":255,"column":18},"end":{"line":257,"column":22}}],"line":253},"45":{"loc":{"start":{"line":255,"column":18},"end":{"line":257,"column":22}},"type":"cond-expr","locations":[{"start":{"line":256,"column":18},"end":{"line":256,"column":29}},{"start":{"line":257,"column":18},"end":{"line":257,"column":22}}],"line":255},"46":{"loc":{"start":{"line":269,"column":15},"end":{"line":294,"column":20}},"type":"cond-expr","locations":[{"start":{"line":270,"column":16},"end":{"line":293,"column":17}},{"start":{"line":294,"column":16},"end":{"line":294,"column":20}}],"line":269},"47":{"loc":{"start":{"line":271,"column":17},"end":{"line":283,"column":22}},"type":"cond-expr","locations":[{"start":{"line":272,"column":18},"end":{"line":272,"column":33}},{"start":{"line":273,"column":18},"end":{"line":283,"column":22}}],"line":271},"48":{"loc":{"start":{"line":273,"column":18},"end":{"line":283,"column":22}},"type":"cond-expr","locations":[{"start":{"line":274,"column":18},"end":{"line":274,"column":30}},{"start":{"line":275,"column":18},"end":{"line":283,"column":22}}],"line":273},"49":{"loc":{"start":{"line":275,"column":18},"end":{"line":283,"column":22}},"type":"cond-expr","locations":[{"start":{"line":276,"column":18},"end":{"line":276,"column":39}},{"start":{"line":277,"column":18},"end":{"line":283,"column":22}}],"line":275},"50":{"loc":{"start":{"line":277,"column":18},"end":{"line":283,"column":22}},"type":"cond-expr","locations":[{"start":{"line":278,"column":18},"end":{"line":278,"column":27}},{"start":{"line":279,"column":18},"end":{"line":283,"column":22}}],"line":277},"51":{"loc":{"start":{"line":279,"column":18},"end":{"line":283,"column":22}},"type":"cond-expr","locations":[{"start":{"line":280,"column":18},"end":{"line":280,"column":38}},{"start":{"line":281,"column":18},"end":{"line":283,"column":22}}],"line":279},"52":{"loc":{"start":{"line":281,"column":18},"end":{"line":283,"column":22}},"type":"cond-expr","locations":[{"start":{"line":282,"column":18},"end":{"line":282,"column":29}},{"start":{"line":283,"column":18},"end":{"line":283,"column":22}}],"line":281},"53":{"loc":{"start":{"line":304,"column":15},"end":{"line":306,"column":20}},"type":"cond-expr","locations":[{"start":{"line":305,"column":16},"end":{"line":305,"column":75}},{"start":{"line":306,"column":16},"end":{"line":306,"column":20}}],"line":304},"54":{"loc":{"start":{"line":311,"column":15},"end":{"line":313,"column":20}},"type":"cond-expr","locations":[{"start":{"line":312,"column":16},"end":{"line":312,"column":107}},{"start":{"line":313,"column":16},"end":{"line":313,"column":20}}],"line":311}},"s":{"0":1,"1":0,"2":0,"3":0,"4":0,"5":0,"6":0,"7":0,"8":0,"9":0,"10":0,"11":0,"12":0,"13":0,"14":0,"15":0,"16":0,"17":0,"18":0,"19":0,"20":0,"21":0,"22":0,"23":0,"24":0,"25":0,"26":0,"27":0,"28":0,"29":0,"30":0,"31":0,"32":0,"33":0,"34":0,"35":0,"36":0,"37":0,"38":0,"39":0,"40":0,"41":0,"42":0,"43":0,"44":0,"45":0,"46":0,"47":0,"48":0,"49":0,"50":0,"51":0,"52":0,"53":0,"54":0,"55":0,"56":0,"57":0,"58":0,"59":0,"60":0,"61":0,"62":0,"63":0,"64":0,"65":0,"66":0,"67":0,"68":0,"69":0,"70":0,"71":0,"72":0,"73":0,"74":0,"75":0,"76":0,"77":0,"78":0,"79":0,"80":0,"81":0,"82":0,"83":0,"84":0,"85":0,"86":0,"87":0,"88":0,"89":0,"90":0,"91":0,"92":0,"93":0,"94":0,"95":0,"96":0,"97":0,"98":0,"99":0,"100":0,"101":0,"102":0,"103":0,"104":0},"f":{"0":0,"1":0,"2":0,"3":0,"4":0,"5":0,"6":0,"7":0,"8":0,"9":0,"10":0,"11":0,"12":0,"13":0,"14":0,"15":0,"16":0,"17":0,"18":0,"19":0,"20":0,"21":0,"22":0,"23":0,"24":0,"25":0,"26":0,"27":0,"28":0,"29":0,"30":0,"31":0,"32":0,"33":0,"34":0,"35":0,"36":0,"37":0,"38":0,"39":0,"40":0,"41":0,"42":0,"43":0,"44":0,"45":0,"46":0,"47":0,"48":0,"49":0},"b":{"0":[0,0],"1":[0,0],"2":[0,0],"3":[0,0],"4":[0,0],"5":[0,0],"6":[0,0],"7":[0,0],"8":[0,0],"9":[0,0],"10":[0,0],"11":[0,0],"12":[0,0],"13":[0,0],"14":[0,0],"15":[0,0],"16":[0,0],"17":[0,0],"18":[0,0],"19":[0,0],"20":[0,0],"21":[0,0],"22":[0,0],"23":[0,0],"24":[0,0],"25":[0,0],"26":[0,0],"27":[0,0],"28":[0,0],"29":[0,0],"30":[0,0],"31":[0,0],"32":[0,0],"33":[0,0],"34":[0,0],"35":[0,0],"36":[0,0],"37":[0,0],"38":[0,0],"39":[0,0],"40":[0,0],"41":[0,0],"42":[0,0],"43":[0,0],"44":[0,0],"45":[0,0],"46":[0,0],"47":[0,0],"48":[0,0],"49":[0,0],"50":[0,0],"51":[0,0],"52":[0,0],"53":[0,0],"54":[0,0]},"_coverageSchema":"1a1c01bbd47fc00a2c39e90264f33305004495a9","hash":"ff93d96e4914a8aa0b5c0656570fd66189f057d2"}
,"/Users/terrencekoo/fec/client/src/components/Reviews/RatingBreakdownSection/CharacteristicBar.jsx": {"path":"/Users/terrencekoo/fec/client/src/components/Reviews/RatingBreakdownSection/CharacteristicBar.jsx","statementMap":{"0":{"start":{"line":3,"column":26},"end":{"line":10,"column":1}},"1":{"start":{"line":4,"column":2},"end":{"line":9,"column":4}}},"fnMap":{"0":{"name":"(anonymous_0)","decl":{"start":{"line":3,"column":26},"end":{"line":3,"column":27}},"loc":{"start":{"line":3,"column":52},"end":{"line":10,"column":1}},"line":3}},"branchMap":{},"s":{"0":1,"1":0},"f":{"0":0},"b":{},"_coverageSchema":"1a1c01bbd47fc00a2c39e90264f33305004495a9","hash":"0d4c1204d357ad87f0e108c4ea8630ae59260df6"}
,"/Users/terrencekoo/fec/client/src/components/Reviews/RatingBreakdownSection/ProductBreakdown.jsx": {"path":"/Users/terrencekoo/fec/client/src/components/Reviews/RatingBreakdownSection/ProductBreakdown.jsx","statementMap":{"0":{"start":{"line":4,"column":25},"end":{"line":76,"column":1}},"1":{"start":{"line":6,"column":2},"end":{"line":75,"column":4}}},"fnMap":{"0":{"name":"(anonymous_0)","decl":{"start":{"line":4,"column":25},"end":{"line":4,"column":26}},"loc":{"start":{"line":4,"column":44},"end":{"line":76,"column":1}},"line":4}},"branchMap":{"0":{"loc":{"start":{"line":9,"column":7},"end":{"line":18,"column":12}},"type":"cond-expr","locations":[{"start":{"line":10,"column":8},"end":{"line":17,"column":11}},{"start":{"line":18,"column":8},"end":{"line":18,"column":12}}],"line":9},"1":{"loc":{"start":{"line":20,"column":7},"end":{"line":29,"column":12}},"type":"cond-expr","locations":[{"start":{"line":21,"column":8},"end":{"line":28,"column":11}},{"start":{"line":29,"column":8},"end":{"line":29,"column":12}}],"line":20},"2":{"loc":{"start":{"line":31,"column":7},"end":{"line":40,"column":12}},"type":"cond-expr","locations":[{"start":{"line":32,"column":8},"end":{"line":39,"column":11}},{"start":{"line":40,"column":8},"end":{"line":40,"column":12}}],"line":31},"3":{"loc":{"start":{"line":42,"column":7},"end":{"line":51,"column":12}},"type":"cond-expr","locations":[{"start":{"line":43,"column":8},"end":{"line":50,"column":11}},{"start":{"line":51,"column":8},"end":{"line":51,"column":12}}],"line":42},"4":{"loc":{"start":{"line":53,"column":7},"end":{"line":62,"column":12}},"type":"cond-expr","locations":[{"start":{"line":54,"column":8},"end":{"line":61,"column":11}},{"start":{"line":62,"column":8},"end":{"line":62,"column":12}}],"line":53},"5":{"loc":{"start":{"line":64,"column":7},"end":{"line":72,"column":12}},"type":"cond-expr","locations":[{"start":{"line":65,"column":8},"end":{"line":71,"column":11}},{"start":{"line":72,"column":8},"end":{"line":72,"column":12}}],"line":64}},"s":{"0":1,"1":0},"f":{"0":0},"b":{"0":[0,0],"1":[0,0],"2":[0,0],"3":[0,0],"4":[0,0],"5":[0,0]},"_coverageSchema":"1a1c01bbd47fc00a2c39e90264f33305004495a9","hash":"82ba47d6e89b296c948c36803bd0ec374ceb6007"}
,"/Users/terrencekoo/fec/client/src/components/Reviews/RatingBreakdownSection/ProgressBar.jsx": {"path":"/Users/terrencekoo/fec/client/src/components/Reviews/RatingBreakdownSection/ProgressBar.jsx","statementMap":{"0":{"start":{"line":3,"column":20},"end":{"line":18,"column":1}},"1":{"start":{"line":5,"column":22},"end":{"line":8,"column":3}},"2":{"start":{"line":6,"column":4},"end":{"line":6,"column":23}},"3":{"start":{"line":7,"column":4},"end":{"line":7,"column":23}},"4":{"start":{"line":10,"column":2},"end":{"line":17,"column":4}}},"fnMap":{"0":{"name":"(anonymous_0)","decl":{"start":{"line":3,"column":20},"end":{"line":3,"column":21}},"loc":{"start":{"line":3,"column":68},"end":{"line":18,"column":1}},"line":3},"1":{"name":"(anonymous_1)","decl":{"start":{"line":5,"column":22},"end":{"line":5,"column":23}},"loc":{"start":{"line":5,"column":29},"end":{"line":8,"column":3}},"line":5}},"branchMap":{},"s":{"0":1,"1":0,"2":0,"3":0,"4":0},"f":{"0":0,"1":0},"b":{},"_coverageSchema":"1a1c01bbd47fc00a2c39e90264f33305004495a9","hash":"1ba259db00cc34d4f9a2019667fc17aa96ad3343"}
,"/Users/terrencekoo/fec/client/src/components/Reviews/RatingBreakdownSection/RatingBreakdown.jsx": {"path":"/Users/terrencekoo/fec/client/src/components/Reviews/RatingBreakdownSection/RatingBreakdown.jsx","statementMap":{"0":{"start":{"line":4,"column":24},"end":{"line":59,"column":1}},"1":{"start":{"line":6,"column":36},"end":{"line":6,"column":47}},"2":{"start":{"line":8,"column":2},"end":{"line":14,"column":9}},"3":{"start":{"line":9,"column":20},"end":{"line":9,"column":21}},"4":{"start":{"line":10,"column":4},"end":{"line":12,"column":5}},"5":{"start":{"line":10,"column":17},"end":{"line":10,"column":18}},"6":{"start":{"line":11,"column":6},"end":{"line":11,"column":59}},"7":{"start":{"line":13,"column":4},"end":{"line":13,"column":29}},"8":{"start":{"line":16,"column":25},"end":{"line":18,"column":3}},"9":{"start":{"line":17,"column":4},"end":{"line":17,"column":24}},"10":{"start":{"line":20,"column":2},"end":{"line":58,"column":4}},"11":{"start":{"line":29,"column":35},"end":{"line":29,"column":58}}},"fnMap":{"0":{"name":"(anonymous_0)","decl":{"start":{"line":4,"column":24},"end":{"line":4,"column":25}},"loc":{"start":{"line":4,"column":81},"end":{"line":59,"column":1}},"line":4},"1":{"name":"(anonymous_1)","decl":{"start":{"line":8,"column":12},"end":{"line":8,"column":13}},"loc":{"start":{"line":8,"column":18},"end":{"line":14,"column":3}},"line":8},"2":{"name":"(anonymous_2)","decl":{"start":{"line":16,"column":25},"end":{"line":16,"column":26}},"loc":{"start":{"line":16,"column":36},"end":{"line":18,"column":3}},"line":16},"3":{"name":"(anonymous_3)","decl":{"start":{"line":29,"column":29},"end":{"line":29,"column":30}},"loc":{"start":{"line":29,"column":35},"end":{"line":29,"column":58}},"line":29}},"branchMap":{"0":{"loc":{"start":{"line":22,"column":5},"end":{"line":55,"column":10}},"type":"cond-expr","locations":[{"start":{"line":23,"column":6},"end":{"line":54,"column":9}},{"start":{"line":55,"column":6},"end":{"line":55,"column":10}}],"line":22},"1":{"loc":{"start":{"line":25,"column":9},"end":{"line":32,"column":14}},"type":"cond-expr","locations":[{"start":{"line":26,"column":10},"end":{"line":31,"column":11}},{"start":{"line":32,"column":10},"end":{"line":32,"column":14}}],"line":25}},"s":{"0":1,"1":0,"2":0,"3":0,"4":0,"5":0,"6":0,"7":0,"8":0,"9":0,"10":0,"11":0},"f":{"0":0,"1":0,"2":0,"3":0},"b":{"0":[0,0],"1":[0,0]},"_coverageSchema":"1a1c01bbd47fc00a2c39e90264f33305004495a9","hash":"036fc51705b7f0e3f8e587aaa4c90173e63a2ec0"}
,"/Users/terrencekoo/fec/client/src/components/Reviews/RatingBreakdownSection/RatingBreakdownSection.jsx": {"path":"/Users/terrencekoo/fec/client/src/components/Reviews/RatingBreakdownSection/RatingBreakdownSection.jsx","statementMap":{"0":{"start":{"line":8,"column":31},"end":{"line":25,"column":1}},"1":{"start":{"line":10,"column":26},"end":{"line":12,"column":3}},"2":{"start":{"line":11,"column":4},"end":{"line":11,"column":24}},"3":{"start":{"line":14,"column":2},"end":{"line":24,"column":4}}},"fnMap":{"0":{"name":"(anonymous_0)","decl":{"start":{"line":8,"column":31},"end":{"line":8,"column":32}},"loc":{"start":{"line":8,"column":84},"end":{"line":25,"column":1}},"line":8},"1":{"name":"(anonymous_1)","decl":{"start":{"line":10,"column":26},"end":{"line":10,"column":27}},"loc":{"start":{"line":10,"column":37},"end":{"line":12,"column":3}},"line":10}},"branchMap":{"0":{"loc":{"start":{"line":16,"column":7},"end":{"line":22,"column":12}},"type":"cond-expr","locations":[{"start":{"line":17,"column":8},"end":{"line":21,"column":11}},{"start":{"line":22,"column":8},"end":{"line":22,"column":12}}],"line":16}},"s":{"0":1,"1":0,"2":0,"3":0},"f":{"0":0,"1":0},"b":{"0":[0,0]},"_coverageSchema":"1a1c01bbd47fc00a2c39e90264f33305004495a9","hash":"925654586a99dd8a10a07b0117a50257d11941a8"}
,"/Users/terrencekoo/fec/client/src/components/Reviews/RatingBreakdownSection/RatingSummary.jsx": {"path":"/Users/terrencekoo/fec/client/src/components/Reviews/RatingBreakdownSection/RatingSummary.jsx","statementMap":{"0":{"start":{"line":4,"column":22},"end":{"line":41,"column":1}},"1":{"start":{"line":6,"column":30},"end":{"line":6,"column":41}},"2":{"start":{"line":7,"column":44},"end":{"line":7,"column":55}},"3":{"start":{"line":9,"column":2},"end":{"line":20,"column":15}},"4":{"start":{"line":11,"column":20},"end":{"line":11,"column":21}},"5":{"start":{"line":12,"column":22},"end":{"line":12,"column":23}},"6":{"start":{"line":13,"column":6},"end":{"line":16,"column":7}},"7":{"start":{"line":13,"column":19},"end":{"line":13,"column":20}},"8":{"start":{"line":14,"column":8},"end":{"line":14,"column":101}},"9":{"start":{"line":15,"column":8},"end":{"line":15,"column":61}},"10":{"start":{"line":17,"column":6},"end":{"line":17,"column":38}},"11":{"start":{"line":18,"column":6},"end":{"line":18,"column":35}},"12":{"start":{"line":22,"column":2},"end":{"line":40,"column":4}}},"fnMap":{"0":{"name":"(anonymous_0)","decl":{"start":{"line":4,"column":22},"end":{"line":4,"column":23}},"loc":{"start":{"line":4,"column":49},"end":{"line":41,"column":1}},"line":4},"1":{"name":"(anonymous_1)","decl":{"start":{"line":9,"column":12},"end":{"line":9,"column":13}},"loc":{"start":{"line":9,"column":18},"end":{"line":20,"column":3}},"line":9}},"branchMap":{"0":{"loc":{"start":{"line":24,"column":7},"end":{"line":24,"column":46}},"type":"cond-expr","locations":[{"start":{"line":24,"column":16},"end":{"line":24,"column":20}},{"start":{"line":24,"column":23},"end":{"line":24,"column":46}}],"line":24},"1":{"loc":{"start":{"line":25,"column":7},"end":{"line":38,"column":7}},"type":"cond-expr","locations":[{"start":{"line":26,"column":8},"end":{"line":29,"column":11}},{"start":{"line":30,"column":8},"end":{"line":38,"column":7}}],"line":25},"2":{"loc":{"start":{"line":25,"column":7},"end":{"line":25,"column":28}},"type":"binary-expr","locations":[{"start":{"line":25,"column":7},"end":{"line":25,"column":18}},{"start":{"line":25,"column":22},"end":{"line":25,"column":28}}],"line":25},"3":{"loc":{"start":{"line":30,"column":8},"end":{"line":38,"column":7}},"type":"cond-expr","locations":[{"start":{"line":31,"column":8},"end":{"line":34,"column":11}},{"start":{"line":35,"column":8},"end":{"line":38,"column":7}}],"line":30}},"s":{"0":1,"1":0,"2":0,"3":0,"4":0,"5":0,"6":0,"7":0,"8":0,"9":0,"10":0,"11":0,"12":0},"f":{"0":0,"1":0},"b":{"0":[0,0],"1":[0,0],"2":[0,0],"3":[0,0]},"_coverageSchema":"1a1c01bbd47fc00a2c39e90264f33305004495a9","hash":"54201c258a12220238bf1fa9563fccd18bc6c14e"}
,"/Users/terrencekoo/fec/client/src/components/Stars/Star.jsx": {"path":"/Users/terrencekoo/fec/client/src/components/Stars/Star.jsx","statementMap":{"0":{"start":{"line":3,"column":13},"end":{"line":19,"column":1}},"1":{"start":{"line":5,"column":20},"end":{"line":8,"column":3}},"2":{"start":{"line":6,"column":4},"end":{"line":6,"column":23}},"3":{"start":{"line":7,"column":4},"end":{"line":7,"column":35}},"4":{"start":{"line":10,"column":2},"end":{"line":18,"column":3}}},"fnMap":{"0":{"name":"(anonymous_0)","decl":{"start":{"line":3,"column":13},"end":{"line":3,"column":14}},"loc":{"start":{"line":3,"column":62},"end":{"line":19,"column":1}},"line":3},"1":{"name":"(anonymous_1)","decl":{"start":{"line":5,"column":20},"end":{"line":5,"column":21}},"loc":{"start":{"line":5,"column":27},"end":{"line":8,"column":3}},"line":5}},"branchMap":{},"s":{"0":1,"1":0,"2":0,"3":0,"4":0},"f":{"0":0,"1":0},"b":{},"_coverageSchema":"1a1c01bbd47fc00a2c39e90264f33305004495a9","hash":"7be9f35b132140d3d113bd7db9cb6a4eb5dbbdfd"}
,"/Users/terrencekoo/fec/client/src/components/Stars/Stars.jsx": {"path":"/Users/terrencekoo/fec/client/src/components/Stars/Stars.jsx","statementMap":{"0":{"start":{"line":4,"column":14},"end":{"line":45,"column":1}},"1":{"start":{"line":6,"column":16},"end":{"line":6,"column":18}},"2":{"start":{"line":7,"column":18},"end":{"line":7,"column":30}},"3":{"start":{"line":9,"column":2},"end":{"line":15,"column":3}},"4":{"start":{"line":10,"column":4},"end":{"line":14,"column":5}},"5":{"start":{"line":11,"column":6},"end":{"line":11,"column":47}},"6":{"start":{"line":13,"column":6},"end":{"line":13,"column":52}},"7":{"start":{"line":17,"column":2},"end":{"line":25,"column":3}},"8":{"start":{"line":17,"column":15},"end":{"line":17,"column":16}},"9":{"start":{"line":18,"column":4},"end":{"line":24,"column":5}},"10":{"start":{"line":19,"column":6},"end":{"line":19,"column":26}},"11":{"start":{"line":20,"column":6},"end":{"line":20,"column":23}},"12":{"start":{"line":22,"column":6},"end":{"line":22,"column":35}},"13":{"start":{"line":23,"column":6},"end":{"line":23,"column":20}},"14":{"start":{"line":27,"column":21},"end":{"line":29,"column":3}},"15":{"start":{"line":28,"column":4},"end":{"line":28,"column":60}},"16":{"start":{"line":31,"column":2},"end":{"line":44,"column":4}},"17":{"start":{"line":34,"column":8},"end":{"line":41,"column":10}}},"fnMap":{"0":{"name":"(anonymous_0)","decl":{"start":{"line":4,"column":14},"end":{"line":4,"column":15}},"loc":{"start":{"line":4,"column":73},"end":{"line":45,"column":1}},"line":4},"1":{"name":"(anonymous_1)","decl":{"start":{"line":27,"column":21},"end":{"line":27,"column":22}},"loc":{"start":{"line":27,"column":32},"end":{"line":29,"column":3}},"line":27},"2":{"name":"(anonymous_2)","decl":{"start":{"line":33,"column":19},"end":{"line":33,"column":20}},"loc":{"start":{"line":34,"column":8},"end":{"line":41,"column":10}},"line":34}},"branchMap":{"0":{"loc":{"start":{"line":9,"column":2},"end":{"line":15,"column":3}},"type":"if","locations":[{"start":{"line":9,"column":2},"end":{"line":15,"column":3}},{"start":{},"end":{}}],"line":9},"1":{"loc":{"start":{"line":10,"column":4},"end":{"line":14,"column":5}},"type":"if","locations":[{"start":{"line":10,"column":4},"end":{"line":14,"column":5}},{"start":{"line":12,"column":11},"end":{"line":14,"column":5}}],"line":10},"2":{"loc":{"start":{"line":18,"column":4},"end":{"line":24,"column":5}},"type":"if","locations":[{"start":{"line":18,"column":4},"end":{"line":24,"column":5}},{"start":{"line":21,"column":11},"end":{"line":24,"column":5}}],"line":18},"3":{"loc":{"start":{"line":28,"column":4},"end":{"line":28,"column":59}},"type":"cond-expr","locations":[{"start":{"line":28,"column":19},"end":{"line":28,"column":52}},{"start":{"line":28,"column":55},"end":{"line":28,"column":59}}],"line":28}},"s":{"0":1,"1":0,"2":0,"3":0,"4":0,"5":0,"6":0,"7":0,"8":0,"9":0,"10":0,"11":0,"12":0,"13":0,"14":0,"15":0,"16":0,"17":0},"f":{"0":0,"1":0,"2":0},"b":{"0":[0,0],"1":[0,0],"2":[0,0],"3":[0,0]},"_coverageSchema":"1a1c01bbd47fc00a2c39e90264f33305004495a9","hash":"3935021f2dc9ded4b1d50fe3be34361e780d92ab"}
}
